2025-06-12 16:36:01 [restartedMain] INFO  : Starting AbcmPanApiApplication using Java 17.0.1 with PID 13360 (C:\KycServicerABcm\KycAllUpdated\abcm-pan-api\target\classes started by techa in C:\KycServicerABcm\KycAllUpdated\abcm-pan-api)
2025-06-12 16:36:01 [restartedMain] INFO  : The following 1 profile is active: "uat"
2025-06-12 16:36:02 [restartedMain] INFO  : Bootstrapping Spring Data JPA repositories in DEFAULT mode.
2025-06-12 16:36:02 [restartedMain] INFO  : Finished Spring Data repository scanning in 1 ms. Found 0 JPA repository interfaces.
2025-06-12 16:36:03 [restartedMain] INFO  : Tomcat initialized with port 8044 (http)
2025-06-12 16:36:03 [restartedMain] INFO  : Starting service [Tomcat]
2025-06-12 16:36:03 [restartedMain] INFO  : Starting Servlet engine: [Apache Tomcat/10.1.39]
2025-06-12 16:36:03 [restartedMain] INFO  : Initializing Spring embedded WebApplicationContext
2025-06-12 16:36:03 [restartedMain] INFO  : Root WebApplicationContext: initialization completed in 1442 ms
2025-06-12 16:36:03 [restartedMain] INFO  : HHH000204: Processing PersistenceUnitInfo [name: default]
2025-06-12 16:36:03 [restartedMain] INFO  : HHH000026: Second-level cache disabled
2025-06-12 16:36:03 [restartedMain] INFO  : No LoadTimeWeaver setup: ignoring JPA class transformer
2025-06-12 16:36:03 [restartedMain] INFO  : HikariPool-5 - Starting...
2025-06-12 16:36:04 [restartedMain] INFO  : HHH10001005: Database info:
	Database JDBC URL [Connecting through datasource 'HikariDataSource (null)']
	Database driver: undefined/unknown
	Database version: 8.0
	Autocommit mode: undefined/unknown
	Isolation level: undefined/unknown
	Minimum pool size: undefined/unknown
	Maximum pool size: undefined/unknown
2025-06-12 16:36:05 [restartedMain] INFO  : HHH000489: No JTA platform available (set 'hibernate.transaction.jta.platform' to enable JTA platform integration)
2025-06-12 16:36:05 [restartedMain] INFO  : HikariPool-5 - Starting...
2025-06-12 16:36:06 [restartedMain] INFO  : Stopping service [Tomcat]
2025-06-12 16:36:06 [restartedMain] INFO  : 

Error starting ApplicationContext. To display the condition evaluation report re-run your application with 'debug' enabled.
