2025-05-15 12:01:51 [restartedMain] INFO  : Starting AbcmKycReportingServiceApplication using Java 17.0.1 with PID 21452 (C:\KycServicerABcm\KycAllUpdated\abcm-kyc-reporting-service\abcm-kyc-reporting-service\target\classes started by techa in C:\KycServicerABcm\KycAllUpdated\abcm-kyc-reporting-service\abcm-kyc-reporting-service)
2025-05-15 12:01:51 [restartedMain] INFO  : The following 1 profile is active: "dev"
2025-05-15 12:01:51 [restartedMain] INFO  : Bootstrapping Spring Data JPA repositories in DEFAULT mode.
2025-05-15 12:01:51 [restartedMain] INFO  : Finished Spring Data repository scanning in 7 ms. Found 1 JPA repository interface.
2025-05-15 12:01:52 [restartedMain] INFO  : Tomcat initialized with port 3081 (http)
2025-05-15 12:01:52 [restartedMain] INFO  : Starting service [Tomcat]
2025-05-15 12:01:52 [restartedMain] INFO  : Starting Servlet engine: [Apache Tomcat/10.1.40]
2025-05-15 12:01:52 [restartedMain] INFO  : Initializing Spring embedded WebApplicationContext
2025-05-15 12:01:52 [restartedMain] INFO  : Root WebApplicationContext: initialization completed in 429 ms
2025-05-15 12:01:52 [restartedMain] INFO  : HHH000204: Processing PersistenceUnitInfo [name: default]
2025-05-15 12:01:52 [restartedMain] INFO  : HHH000026: Second-level cache disabled
2025-05-15 12:01:52 [restartedMain] INFO  : No LoadTimeWeaver setup: ignoring JPA class transformer
2025-05-15 12:01:52 [restartedMain] INFO  : HikariPool-3 - Starting...
2025-05-15 12:01:52 [restartedMain] INFO  : HikariPool-3 - Added connection com.mysql.cj.jdbc.ConnectionImpl@4ccbf8f6
2025-05-15 12:01:52 [restartedMain] INFO  : HikariPool-3 - Start completed.
2025-05-15 12:01:52 [restartedMain] INFO  : HHH10001005: Database info:
	Database JDBC URL [Connecting through datasource 'HikariDataSource (HikariPool-3)']
	Database driver: undefined/unknown
	Database version: 8.0
	Autocommit mode: undefined/unknown
	Isolation level: undefined/unknown
	Minimum pool size: undefined/unknown
	Maximum pool size: undefined/unknown
2025-05-15 12:01:52 [restartedMain] INFO  : HHH000489: No JTA platform available (set 'hibernate.transaction.jta.platform' to enable JTA platform integration)
2025-05-15 12:01:52 [restartedMain] INFO  : Initialized JPA EntityManagerFactory for persistence unit 'default'
2025-05-15 12:01:52 [restartedMain] INFO  : Tomcat started on port 3081 (http) with context path '/'
2025-05-15 12:01:52 [restartedMain] INFO  : Started AbcmKycReportingServiceApplication in 1.108 seconds (process running for 1949.395)
2025-05-15 12:01:52 [restartedMain] INFO  : Condition evaluation unchanged
2025-05-15 12:02:25 [File Watcher] INFO  : Restarting due to 1 class path change (0 additions, 0 deletions, 1 modification)
2025-05-15 12:02:25 [Thread-9] INFO  : Commencing graceful shutdown. Waiting for active requests to complete
2025-05-15 12:02:25 [tomcat-shutdown] INFO  : Graceful shutdown complete
2025-05-15 12:02:25 [Thread-9] INFO  : Closing JPA EntityManagerFactory for persistence unit 'default'
2025-05-15 12:02:25 [Thread-9] INFO  : HikariPool-3 - Shutdown initiated...
2025-05-15 12:02:25 [Thread-9] INFO  : HikariPool-3 - Shutdown completed.
2025-05-15 12:02:25 [restartedMain] INFO  : Starting AbcmKycReportingServiceApplication using Java 17.0.1 with PID 21452 (C:\KycServicerABcm\KycAllUpdated\abcm-kyc-reporting-service\abcm-kyc-reporting-service\target\classes started by techa in C:\KycServicerABcm\KycAllUpdated\abcm-kyc-reporting-service\abcm-kyc-reporting-service)
2025-05-15 12:02:25 [restartedMain] INFO  : The following 1 profile is active: "dev"
2025-05-15 12:02:25 [restartedMain] INFO  : Bootstrapping Spring Data JPA repositories in DEFAULT mode.
2025-05-15 12:02:25 [restartedMain] INFO  : Finished Spring Data repository scanning in 8 ms. Found 1 JPA repository interface.
2025-05-15 12:02:26 [restartedMain] INFO  : Tomcat initialized with port 3081 (http)
2025-05-15 12:02:26 [restartedMain] INFO  : Starting service [Tomcat]
2025-05-15 12:02:26 [restartedMain] INFO  : Starting Servlet engine: [Apache Tomcat/10.1.40]
2025-05-15 12:02:26 [restartedMain] INFO  : Initializing Spring embedded WebApplicationContext
2025-05-15 12:02:26 [restartedMain] INFO  : Root WebApplicationContext: initialization completed in 374 ms
2025-05-15 12:02:26 [restartedMain] INFO  : HHH000204: Processing PersistenceUnitInfo [name: default]
2025-05-15 12:02:26 [restartedMain] INFO  : HHH000026: Second-level cache disabled
2025-05-15 12:02:26 [restartedMain] INFO  : No LoadTimeWeaver setup: ignoring JPA class transformer
2025-05-15 12:02:26 [restartedMain] INFO  : HikariPool-4 - Starting...
2025-05-15 12:02:26 [restartedMain] INFO  : HikariPool-4 - Added connection com.mysql.cj.jdbc.ConnectionImpl@52c12412
2025-05-15 12:02:26 [restartedMain] INFO  : HikariPool-4 - Start completed.
2025-05-15 12:02:26 [restartedMain] INFO  : HHH10001005: Database info:
	Database JDBC URL [Connecting through datasource 'HikariDataSource (HikariPool-4)']
	Database driver: undefined/unknown
	Database version: 8.0
	Autocommit mode: undefined/unknown
	Isolation level: undefined/unknown
	Minimum pool size: undefined/unknown
	Maximum pool size: undefined/unknown
2025-05-15 12:02:26 [restartedMain] INFO  : HHH000489: No JTA platform available (set 'hibernate.transaction.jta.platform' to enable JTA platform integration)
2025-05-15 12:02:26 [restartedMain] INFO  : Initialized JPA EntityManagerFactory for persistence unit 'default'
2025-05-15 12:02:26 [restartedMain] INFO  : Tomcat started on port 3081 (http) with context path '/'
2025-05-15 12:02:26 [restartedMain] INFO  : Started AbcmKycReportingServiceApplication in 1.038 seconds (process running for 1983.386)
2025-05-15 12:02:26 [restartedMain] INFO  : Condition evaluation unchanged
2025-05-15 12:03:28 [File Watcher] INFO  : Restarting due to 1 class path change (0 additions, 0 deletions, 1 modification)
2025-05-15 12:03:28 [Thread-13] INFO  : Commencing graceful shutdown. Waiting for active requests to complete
2025-05-15 12:03:28 [tomcat-shutdown] INFO  : Graceful shutdown complete
2025-05-15 12:03:28 [Thread-13] INFO  : Closing JPA EntityManagerFactory for persistence unit 'default'
2025-05-15 12:03:28 [Thread-13] INFO  : HikariPool-4 - Shutdown initiated...
2025-05-15 12:03:28 [Thread-13] INFO  : HikariPool-4 - Shutdown completed.
