2025-05-15 12:01:23 [restartedMain] INFO  : Starting AbcmKycReportingServiceApplication using Java 17.0.1 with PID 21452 (C:\KycServicerABcm\KycAllUpdated\abcm-kyc-reporting-service\abcm-kyc-reporting-service\target\classes started by techa in C:\KycServicerABcm\KycAllUpdated\abcm-kyc-reporting-service\abcm-kyc-reporting-service)
2025-05-15 12:01:23 [restartedMain] INFO  : The following 1 profile is active: "dev"
2025-05-15 12:01:24 [restartedMain] INFO  : Bootstrapping Spring Data JPA repositories in DEFAULT mode.
2025-05-15 12:01:24 [restartedMain] INFO  : Finished Spring Data repository scanning in 10 ms. Found 1 JPA repository interface.
2025-05-15 12:01:24 [restartedMain] INFO  : Tomcat initialized with port 3081 (http)
2025-05-15 12:01:24 [restartedMain] INFO  : Starting service [Tomcat]
2025-05-15 12:01:24 [restartedMain] INFO  : Starting Servlet engine: [Apache Tomcat/10.1.40]
2025-05-15 12:01:24 [restartedMain] INFO  : Initializing Spring embedded WebApplicationContext
2025-05-15 12:01:24 [restartedMain] INFO  : Root WebApplicationContext: initialization completed in 611 ms
2025-05-15 12:01:24 [restartedMain] INFO  : HHH000204: Processing PersistenceUnitInfo [name: default]
2025-05-15 12:01:24 [restartedMain] INFO  : HHH000026: Second-level cache disabled
2025-05-15 12:01:24 [restartedMain] INFO  : No LoadTimeWeaver setup: ignoring JPA class transformer
2025-05-15 12:01:24 [restartedMain] INFO  : HikariPool-2 - Starting...
2025-05-15 12:01:24 [restartedMain] INFO  : HikariPool-2 - Added connection com.mysql.cj.jdbc.ConnectionImpl@59257cf8
2025-05-15 12:01:24 [restartedMain] INFO  : HikariPool-2 - Start completed.
2025-05-15 12:01:24 [restartedMain] WARN  : HHH90000025: MySQL8Dialect does not need to be specified explicitly using 'hibernate.dialect' (remove the property setting and it will be selected by default)
2025-05-15 12:01:24 [restartedMain] WARN  : HHH90000026: MySQL8Dialect has been deprecated; use org.hibernate.dialect.MySQLDialect instead
2025-05-15 12:01:24 [restartedMain] INFO  : HHH10001005: Database info:
	Database JDBC URL [Connecting through datasource 'HikariDataSource (HikariPool-2)']
	Database driver: undefined/unknown
	Database version: 8.0
	Autocommit mode: undefined/unknown
	Isolation level: undefined/unknown
	Minimum pool size: undefined/unknown
	Maximum pool size: undefined/unknown
2025-05-15 12:01:24 [restartedMain] INFO  : HHH000489: No JTA platform available (set 'hibernate.transaction.jta.platform' to enable JTA platform integration)
2025-05-15 12:01:24 [restartedMain] INFO  : Initialized JPA EntityManagerFactory for persistence unit 'default'
2025-05-15 12:01:24 [restartedMain] WARN  : spring.jpa.open-in-view is enabled by default. Therefore, database queries may be performed during view rendering. Explicitly configure spring.jpa.open-in-view to disable this warning
2025-05-15 12:01:25 [restartedMain] WARN  : Unable to start LiveReload server
2025-05-15 12:01:25 [restartedMain] INFO  : Tomcat started on port 3081 (http) with context path '/'
2025-05-15 12:01:25 [restartedMain] INFO  : Started AbcmKycReportingServiceApplication in 1.753 seconds (process running for 1921.869)
2025-05-15 12:01:25 [restartedMain] INFO  : Condition evaluation unchanged
2025-05-15 12:01:51 [File Watcher] INFO  : Restarting due to 1 class path change (0 additions, 0 deletions, 1 modification)
2025-05-15 12:01:51 [Thread-5] INFO  : Commencing graceful shutdown. Waiting for active requests to complete
2025-05-15 12:01:51 [tomcat-shutdown] INFO  : Graceful shutdown complete
2025-05-15 12:01:51 [Thread-5] INFO  : Closing JPA EntityManagerFactory for persistence unit 'default'
2025-05-15 12:01:51 [Thread-5] INFO  : HikariPool-2 - Shutdown initiated...
2025-05-15 12:01:51 [Thread-5] INFO  : HikariPool-2 - Shutdown completed.
