2025-04-15 14:57:47 [restartedMain] INFO  : Starting AbcmKycServiceUiApplication using Java 21.0.6 with PID 22008 (C:\Users\Shyam\Documents\ABCM-KYC\abcm-kyc-service-ui\target\classes started by Shyam in C:\Users\Shyam\Documents\ABCM-KYC\abcm-kyc-service-ui)
2025-04-15 14:57:47 [restartedMain] INFO  : The following 1 profile is active: "dev"
2025-04-15 14:57:47 [restartedMain] INFO  : Bootstrapping Spring Data JPA repositories in DEFAULT mode.
2025-04-15 14:57:47 [restartedMain] INFO  : Finished Spring Data repository scanning in 22 ms. Found 5 JPA repository interfaces.
2025-04-15 14:57:47 [restartedMain] INFO  : Tomcat initialized with port 8087 (http)
2025-04-15 14:57:47 [restartedMain] INFO  : Starting service [Tomcat]
2025-04-15 14:57:47 [restartedMain] INFO  : Starting Servlet engine: [Apache Tomcat/10.1.39]
2025-04-15 14:57:47 [restartedMain] INFO  : At least one JAR was scanned for TLDs yet contained no TLDs. Enable debug logging for this logger for a complete list of JARs that were scanned but no TLDs were found in them. Skipping unneeded JARs during scanning can improve startup time and JSP compilation time.
2025-04-15 14:57:47 [restartedMain] INFO  : Initializing Spring embedded WebApplicationContext
2025-04-15 14:57:47 [restartedMain] INFO  : Root WebApplicationContext: initialization completed in 409 ms
2025-04-15 14:57:47 [restartedMain] INFO  : HHH000204: Processing PersistenceUnitInfo [name: default]
2025-04-15 14:57:47 [restartedMain] INFO  : HHH000026: Second-level cache disabled
2025-04-15 14:57:47 [restartedMain] INFO  : No LoadTimeWeaver setup: ignoring JPA class transformer
2025-04-15 14:57:47 [restartedMain] INFO  : HikariPool-54 - Starting...
2025-04-15 14:57:47 [restartedMain] INFO  : HikariPool-54 - Added connection com.mysql.cj.jdbc.ConnectionImpl@3a201952
2025-04-15 14:57:47 [restartedMain] INFO  : HikariPool-54 - Start completed.
2025-04-15 14:57:47 [restartedMain] INFO  : HHH10001005: Database info:
	Database JDBC URL [Connecting through datasource 'HikariDataSource (HikariPool-54)']
	Database driver: undefined/unknown
	Database version: 8.0
	Autocommit mode: undefined/unknown
	Isolation level: undefined/unknown
	Minimum pool size: undefined/unknown
	Maximum pool size: undefined/unknown
2025-04-15 14:57:48 [restartedMain] INFO  : HHH000489: No JTA platform available (set 'hibernate.transaction.jta.platform' to enable JTA platform integration)
2025-04-15 14:57:48 [restartedMain] INFO  : Initialized JPA EntityManagerFactory for persistence unit 'default'
2025-04-15 14:57:48 [restartedMain] INFO  : Global AuthenticationManager configured with UserDetailsService bean with name customUserDetailsService
2025-04-15 14:57:48 [restartedMain] INFO  : LiveReload server is running on port 35729
2025-04-15 14:57:48 [restartedMain] INFO  : Tomcat started on port 8087 (http) with context path '/'
2025-04-15 14:57:48 [restartedMain] INFO  : Started AbcmKycServiceUiApplication in 1.175 seconds (process running for 7134.816)
2025-04-15 14:57:48 [restartedMain] INFO  : Condition evaluation unchanged
2025-04-15 14:58:18 [File Watcher] INFO  : Restarting due to 1 class path change (0 additions, 0 deletions, 1 modification)
2025-04-15 14:58:18 [Thread-216] INFO  : Commencing graceful shutdown. Waiting for active requests to complete
2025-04-15 14:58:18 [tomcat-shutdown] INFO  : Graceful shutdown complete
2025-04-15 14:58:18 [Thread-216] INFO  : Closing JPA EntityManagerFactory for persistence unit 'default'
2025-04-15 14:58:18 [Thread-216] INFO  : HikariPool-54 - Shutdown initiated...
2025-04-15 14:58:18 [Thread-216] INFO  : HikariPool-54 - Shutdown completed.
