2025-04-18 10:48:51 [restartedMain] INFO  : Starting AbcmKycServiceUiApplication using Java 17.0.10 with PID 4068 (C:\Users\Shyam\Documents\ABCM-KYC\abcm-kyc-service-ui\target\classes started by Shyam in C:\Users\Shyam\Documents\ABCM-KYC\abcm-kyc-service-ui)
2025-04-18 10:48:51 [restartedMain] INFO  : The following 1 profile is active: "dev"
2025-04-18 10:48:51 [restartedMain] INFO  : Devtools property defaults active! Set 'spring.devtools.add-properties' to 'false' to disable
2025-04-18 10:48:51 [restartedMain] INFO  : For additional web related logging consider setting the 'logging.level.web' property to 'DEBUG'
2025-04-18 10:48:52 [restartedMain] INFO  : Bootstrapping Spring Data JPA repositories in DEFAULT mode.
2025-04-18 10:48:52 [restartedMain] INFO  : Finished Spring Data repository scanning in 90 ms. Found 6 JPA repository interfaces.
2025-04-18 10:48:52 [restartedMain] INFO  : Tomcat initialized with port 8087 (http)
2025-04-18 10:48:52 [restartedMain] INFO  : Starting service [Tomcat]
2025-04-18 10:48:52 [restartedMain] INFO  : Starting Servlet engine: [Apache Tomcat/10.1.39]
2025-04-18 10:48:53 [restartedMain] INFO  : At least one JAR was scanned for TLDs yet contained no TLDs. Enable debug logging for this logger for a complete list of JARs that were scanned but no TLDs were found in them. Skipping unneeded JARs during scanning can improve startup time and JSP compilation time.
2025-04-18 10:48:53 [restartedMain] INFO  : Initializing Spring embedded WebApplicationContext
2025-04-18 10:48:53 [restartedMain] INFO  : Root WebApplicationContext: initialization completed in 1896 ms
2025-04-18 10:48:53 [restartedMain] INFO  : HHH000204: Processing PersistenceUnitInfo [name: default]
2025-04-18 10:48:53 [restartedMain] INFO  : HHH000412: Hibernate ORM core version 6.6.11.Final
2025-04-18 10:48:53 [restartedMain] INFO  : HHH000026: Second-level cache disabled
2025-04-18 10:48:53 [restartedMain] INFO  : No LoadTimeWeaver setup: ignoring JPA class transformer
2025-04-18 10:48:53 [restartedMain] INFO  : HikariPool-1 - Starting...
2025-04-18 10:48:54 [restartedMain] INFO  : HikariPool-1 - Added connection com.mysql.cj.jdbc.ConnectionImpl@225ae5bc
2025-04-18 10:48:54 [restartedMain] INFO  : HikariPool-1 - Start completed.
2025-04-18 10:48:54 [restartedMain] INFO  : HHH10001005: Database info:
	Database JDBC URL [Connecting through datasource 'HikariDataSource (HikariPool-1)']
	Database driver: undefined/unknown
	Database version: 8.0
	Autocommit mode: undefined/unknown
	Isolation level: undefined/unknown
	Minimum pool size: undefined/unknown
	Maximum pool size: undefined/unknown
2025-04-18 10:48:55 [restartedMain] INFO  : HHH000489: No JTA platform available (set 'hibernate.transaction.jta.platform' to enable JTA platform integration)
2025-04-18 10:48:55 [restartedMain] INFO  : Initialized JPA EntityManagerFactory for persistence unit 'default'
2025-04-18 10:48:56 [restartedMain] INFO  : Hibernate is in classpath; If applicable, HQL parser will be used.
2025-04-18 10:48:56 [restartedMain] INFO  : Global AuthenticationManager configured with UserDetailsService bean with name customUserDetailsService
2025-04-18 10:48:57 [restartedMain] INFO  : LiveReload server is running on port 35729
2025-04-18 10:48:57 [restartedMain] INFO  : Tomcat started on port 8087 (http) with context path '/'
2025-04-18 10:48:57 [restartedMain] INFO  : Started AbcmKycServiceUiApplication in 7.19 seconds (process running for 8.542)
2025-04-18 10:49:15 [http-nio-8087-exec-1] INFO  : Initializing Spring DispatcherServlet 'dispatcherServlet'
2025-04-18 10:49:15 [http-nio-8087-exec-1] INFO  : Initializing Servlet 'dispatcherServlet'
2025-04-18 10:49:15 [http-nio-8087-exec-1] INFO  : Completed initialization in 7 ms
2025-04-18 10:51:08 [File Watcher] INFO  : Restarting due to 1 class path change (0 additions, 0 deletions, 1 modification)
2025-04-18 10:51:08 [Thread-5] INFO  : Commencing graceful shutdown. Waiting for active requests to complete
2025-04-18 10:51:08 [tomcat-shutdown] INFO  : Graceful shutdown complete
2025-04-18 10:51:08 [Thread-5] INFO  : Closing JPA EntityManagerFactory for persistence unit 'default'
2025-04-18 10:51:08 [Thread-5] INFO  : HikariPool-1 - Shutdown initiated...
2025-04-18 10:51:08 [Thread-5] INFO  : HikariPool-1 - Shutdown completed.
2025-04-18 10:51:08 [restartedMain] INFO  : Starting AbcmKycServiceUiApplication using Java 17.0.10 with PID 4068 (C:\Users\Shyam\Documents\ABCM-KYC\abcm-kyc-service-ui\target\classes started by Shyam in C:\Users\Shyam\Documents\ABCM-KYC\abcm-kyc-service-ui)
2025-04-18 10:51:08 [restartedMain] INFO  : The following 1 profile is active: "dev"
2025-04-18 10:51:09 [restartedMain] INFO  : Bootstrapping Spring Data JPA repositories in DEFAULT mode.
2025-04-18 10:51:09 [restartedMain] INFO  : Finished Spring Data repository scanning in 40 ms. Found 6 JPA repository interfaces.
2025-04-18 10:51:09 [restartedMain] INFO  : Tomcat initialized with port 8087 (http)
2025-04-18 10:51:09 [restartedMain] INFO  : Starting service [Tomcat]
2025-04-18 10:51:09 [restartedMain] INFO  : Starting Servlet engine: [Apache Tomcat/10.1.39]
2025-04-18 10:51:09 [restartedMain] INFO  : At least one JAR was scanned for TLDs yet contained no TLDs. Enable debug logging for this logger for a complete list of JARs that were scanned but no TLDs were found in them. Skipping unneeded JARs during scanning can improve startup time and JSP compilation time.
2025-04-18 10:51:09 [restartedMain] INFO  : Initializing Spring embedded WebApplicationContext
2025-04-18 10:51:09 [restartedMain] INFO  : Root WebApplicationContext: initialization completed in 591 ms
2025-04-18 10:51:09 [restartedMain] INFO  : HHH000204: Processing PersistenceUnitInfo [name: default]
2025-04-18 10:51:09 [restartedMain] INFO  : HHH000026: Second-level cache disabled
2025-04-18 10:51:09 [restartedMain] INFO  : No LoadTimeWeaver setup: ignoring JPA class transformer
2025-04-18 10:51:09 [restartedMain] INFO  : HikariPool-2 - Starting...
2025-04-18 10:51:09 [restartedMain] INFO  : HikariPool-2 - Added connection com.mysql.cj.jdbc.ConnectionImpl@663d67fd
2025-04-18 10:51:09 [restartedMain] INFO  : HikariPool-2 - Start completed.
2025-04-18 10:51:09 [restartedMain] INFO  : HHH10001005: Database info:
	Database JDBC URL [Connecting through datasource 'HikariDataSource (HikariPool-2)']
	Database driver: undefined/unknown
	Database version: 8.0
	Autocommit mode: undefined/unknown
	Isolation level: undefined/unknown
	Minimum pool size: undefined/unknown
	Maximum pool size: undefined/unknown
2025-04-18 10:51:09 [restartedMain] INFO  : HHH000489: No JTA platform available (set 'hibernate.transaction.jta.platform' to enable JTA platform integration)
2025-04-18 10:51:10 [restartedMain] INFO  : Initialized JPA EntityManagerFactory for persistence unit 'default'
2025-04-18 10:51:10 [restartedMain] INFO  : Closing JPA EntityManagerFactory for persistence unit 'default'
2025-04-18 10:51:10 [restartedMain] INFO  : HikariPool-2 - Shutdown initiated...
2025-04-18 10:51:10 [restartedMain] INFO  : HikariPool-2 - Shutdown completed.
2025-04-18 10:51:10 [restartedMain] INFO  : Stopping service [Tomcat]
2025-04-18 10:51:10 [restartedMain] INFO  : 

Error starting ApplicationContext. To display the condition evaluation report re-run your application with 'debug' enabled.
2025-04-18 10:51:35 [restartedMain] INFO  : Starting AbcmKycServiceUiApplication using Java 17.0.10 with PID 4068 (C:\Users\Shyam\Documents\ABCM-KYC\abcm-kyc-service-ui\target\classes started by Shyam in C:\Users\Shyam\Documents\ABCM-KYC\abcm-kyc-service-ui)
2025-04-18 10:51:35 [restartedMain] INFO  : The following 1 profile is active: "dev"
2025-04-18 10:51:35 [restartedMain] INFO  : Bootstrapping Spring Data JPA repositories in DEFAULT mode.
2025-04-18 10:51:35 [restartedMain] INFO  : Finished Spring Data repository scanning in 38 ms. Found 6 JPA repository interfaces.
2025-04-18 10:51:35 [restartedMain] INFO  : Tomcat initialized with port 8087 (http)
2025-04-18 10:51:35 [restartedMain] INFO  : Starting service [Tomcat]
2025-04-18 10:51:35 [restartedMain] INFO  : Starting Servlet engine: [Apache Tomcat/10.1.39]
2025-04-18 10:51:35 [restartedMain] INFO  : At least one JAR was scanned for TLDs yet contained no TLDs. Enable debug logging for this logger for a complete list of JARs that were scanned but no TLDs were found in them. Skipping unneeded JARs during scanning can improve startup time and JSP compilation time.
2025-04-18 10:51:35 [restartedMain] INFO  : Initializing Spring embedded WebApplicationContext
2025-04-18 10:51:35 [restartedMain] INFO  : Root WebApplicationContext: initialization completed in 579 ms
2025-04-18 10:51:35 [restartedMain] INFO  : HHH000204: Processing PersistenceUnitInfo [name: default]
2025-04-18 10:51:35 [restartedMain] INFO  : HHH000026: Second-level cache disabled
2025-04-18 10:51:35 [restartedMain] INFO  : No LoadTimeWeaver setup: ignoring JPA class transformer
2025-04-18 10:51:35 [restartedMain] INFO  : HikariPool-3 - Starting...
2025-04-18 10:51:35 [restartedMain] INFO  : HikariPool-3 - Added connection com.mysql.cj.jdbc.ConnectionImpl@7188b2c
2025-04-18 10:51:35 [restartedMain] INFO  : HikariPool-3 - Start completed.
2025-04-18 10:51:35 [restartedMain] INFO  : HHH10001005: Database info:
	Database JDBC URL [Connecting through datasource 'HikariDataSource (HikariPool-3)']
	Database driver: undefined/unknown
	Database version: 8.0
	Autocommit mode: undefined/unknown
	Isolation level: undefined/unknown
	Minimum pool size: undefined/unknown
	Maximum pool size: undefined/unknown
2025-04-18 10:51:36 [restartedMain] INFO  : HHH000489: No JTA platform available (set 'hibernate.transaction.jta.platform' to enable JTA platform integration)
2025-04-18 10:51:36 [restartedMain] INFO  : Initialized JPA EntityManagerFactory for persistence unit 'default'
2025-04-18 10:51:36 [restartedMain] INFO  : Closing JPA EntityManagerFactory for persistence unit 'default'
2025-04-18 10:51:36 [restartedMain] INFO  : HikariPool-3 - Shutdown initiated...
2025-04-18 10:51:36 [restartedMain] INFO  : HikariPool-3 - Shutdown completed.
2025-04-18 10:51:36 [restartedMain] INFO  : Stopping service [Tomcat]
2025-04-18 10:51:36 [restartedMain] INFO  : 

Error starting ApplicationContext. To display the condition evaluation report re-run your application with 'debug' enabled.
2025-04-18 10:53:09 [restartedMain] INFO  : Starting AbcmKycServiceUiApplication using Java 17.0.10 with PID 4068 (C:\Users\Shyam\Documents\ABCM-KYC\abcm-kyc-service-ui\target\classes started by Shyam in C:\Users\Shyam\Documents\ABCM-KYC\abcm-kyc-service-ui)
2025-04-18 10:53:09 [restartedMain] INFO  : The following 1 profile is active: "dev"
2025-04-18 10:53:10 [restartedMain] INFO  : Bootstrapping Spring Data JPA repositories in DEFAULT mode.
2025-04-18 10:53:10 [restartedMain] INFO  : Finished Spring Data repository scanning in 40 ms. Found 6 JPA repository interfaces.
2025-04-18 10:53:10 [restartedMain] INFO  : Tomcat initialized with port 8087 (http)
2025-04-18 10:53:10 [restartedMain] INFO  : Starting service [Tomcat]
2025-04-18 10:53:10 [restartedMain] INFO  : Starting Servlet engine: [Apache Tomcat/10.1.39]
2025-04-18 10:53:10 [restartedMain] INFO  : At least one JAR was scanned for TLDs yet contained no TLDs. Enable debug logging for this logger for a complete list of JARs that were scanned but no TLDs were found in them. Skipping unneeded JARs during scanning can improve startup time and JSP compilation time.
2025-04-18 10:53:10 [restartedMain] INFO  : Initializing Spring embedded WebApplicationContext
2025-04-18 10:53:10 [restartedMain] INFO  : Root WebApplicationContext: initialization completed in 544 ms
2025-04-18 10:53:10 [restartedMain] INFO  : HHH000204: Processing PersistenceUnitInfo [name: default]
2025-04-18 10:53:10 [restartedMain] INFO  : HHH000026: Second-level cache disabled
2025-04-18 10:53:10 [restartedMain] INFO  : No LoadTimeWeaver setup: ignoring JPA class transformer
2025-04-18 10:53:10 [restartedMain] INFO  : HikariPool-4 - Starting...
2025-04-18 10:53:10 [restartedMain] INFO  : HikariPool-4 - Added connection com.mysql.cj.jdbc.ConnectionImpl@3b2a276
2025-04-18 10:53:10 [restartedMain] INFO  : HikariPool-4 - Start completed.
2025-04-18 10:53:10 [restartedMain] INFO  : HHH10001005: Database info:
	Database JDBC URL [Connecting through datasource 'HikariDataSource (HikariPool-4)']
	Database driver: undefined/unknown
	Database version: 8.0
	Autocommit mode: undefined/unknown
	Isolation level: undefined/unknown
	Minimum pool size: undefined/unknown
	Maximum pool size: undefined/unknown
2025-04-18 10:53:10 [restartedMain] INFO  : HHH000489: No JTA platform available (set 'hibernate.transaction.jta.platform' to enable JTA platform integration)
2025-04-18 10:53:10 [restartedMain] INFO  : Initialized JPA EntityManagerFactory for persistence unit 'default'
2025-04-18 10:53:11 [restartedMain] INFO  : Global AuthenticationManager configured with UserDetailsService bean with name customUserDetailsService
2025-04-18 10:53:11 [restartedMain] INFO  : LiveReload server is running on port 35729
2025-04-18 10:53:11 [restartedMain] INFO  : Tomcat started on port 8087 (http) with context path '/'
2025-04-18 10:53:11 [restartedMain] INFO  : Started AbcmKycServiceUiApplication in 1.453 seconds (process running for 262.068)
2025-04-18 10:53:11 [restartedMain] INFO  : Condition evaluation unchanged
2025-04-18 10:53:31 [File Watcher] INFO  : Restarting due to 1 class path change (0 additions, 0 deletions, 1 modification)
2025-04-18 10:53:31 [Thread-7] INFO  : Commencing graceful shutdown. Waiting for active requests to complete
2025-04-18 10:53:31 [tomcat-shutdown] INFO  : Graceful shutdown complete
2025-04-18 10:53:31 [Thread-7] INFO  : Closing JPA EntityManagerFactory for persistence unit 'default'
2025-04-18 10:53:31 [Thread-7] INFO  : HikariPool-4 - Shutdown initiated...
2025-04-18 10:53:31 [Thread-7] INFO  : HikariPool-4 - Shutdown completed.
2025-04-18 10:53:32 [restartedMain] INFO  : Starting AbcmKycServiceUiApplication using Java 17.0.10 with PID 4068 (C:\Users\Shyam\Documents\ABCM-KYC\abcm-kyc-service-ui\target\classes started by Shyam in C:\Users\Shyam\Documents\ABCM-KYC\abcm-kyc-service-ui)
2025-04-18 10:53:32 [restartedMain] INFO  : The following 1 profile is active: "dev"
2025-04-18 10:53:32 [restartedMain] INFO  : Bootstrapping Spring Data JPA repositories in DEFAULT mode.
2025-04-18 10:53:32 [restartedMain] INFO  : Finished Spring Data repository scanning in 30 ms. Found 6 JPA repository interfaces.
2025-04-18 10:53:32 [restartedMain] INFO  : Tomcat initialized with port 8087 (http)
2025-04-18 10:53:32 [restartedMain] INFO  : Starting service [Tomcat]
2025-04-18 10:53:32 [restartedMain] INFO  : Starting Servlet engine: [Apache Tomcat/10.1.39]
2025-04-18 10:53:32 [restartedMain] INFO  : At least one JAR was scanned for TLDs yet contained no TLDs. Enable debug logging for this logger for a complete list of JARs that were scanned but no TLDs were found in them. Skipping unneeded JARs during scanning can improve startup time and JSP compilation time.
2025-04-18 10:53:32 [restartedMain] INFO  : Initializing Spring embedded WebApplicationContext
2025-04-18 10:53:32 [restartedMain] INFO  : Root WebApplicationContext: initialization completed in 445 ms
2025-04-18 10:53:32 [restartedMain] INFO  : HHH000204: Processing PersistenceUnitInfo [name: default]
2025-04-18 10:53:32 [restartedMain] INFO  : HHH000026: Second-level cache disabled
2025-04-18 10:53:32 [restartedMain] INFO  : No LoadTimeWeaver setup: ignoring JPA class transformer
2025-04-18 10:53:32 [restartedMain] INFO  : HikariPool-5 - Starting...
2025-04-18 10:53:32 [restartedMain] INFO  : HikariPool-5 - Added connection com.mysql.cj.jdbc.ConnectionImpl@4a189532
2025-04-18 10:53:32 [restartedMain] INFO  : HikariPool-5 - Start completed.
2025-04-18 10:53:32 [restartedMain] INFO  : HHH10001005: Database info:
	Database JDBC URL [Connecting through datasource 'HikariDataSource (HikariPool-5)']
	Database driver: undefined/unknown
	Database version: 8.0
	Autocommit mode: undefined/unknown
	Isolation level: undefined/unknown
	Minimum pool size: undefined/unknown
	Maximum pool size: undefined/unknown
2025-04-18 10:53:32 [restartedMain] INFO  : HHH000489: No JTA platform available (set 'hibernate.transaction.jta.platform' to enable JTA platform integration)
2025-04-18 10:53:32 [restartedMain] INFO  : Initialized JPA EntityManagerFactory for persistence unit 'default'
2025-04-18 10:53:33 [restartedMain] INFO  : Global AuthenticationManager configured with UserDetailsService bean with name customUserDetailsService
2025-04-18 10:53:33 [restartedMain] INFO  : LiveReload server is running on port 35729
2025-04-18 10:53:33 [restartedMain] INFO  : Tomcat started on port 8087 (http) with context path '/'
2025-04-18 10:53:33 [restartedMain] INFO  : Started AbcmKycServiceUiApplication in 1.116 seconds (process running for 283.956)
2025-04-18 10:53:33 [restartedMain] INFO  : Condition evaluation unchanged
2025-04-18 10:53:53 [File Watcher] INFO  : Restarting due to 1 class path change (0 additions, 0 deletions, 1 modification)
2025-04-18 10:53:53 [Thread-17] INFO  : Commencing graceful shutdown. Waiting for active requests to complete
2025-04-18 10:53:53 [tomcat-shutdown] INFO  : Graceful shutdown complete
2025-04-18 10:53:53 [Thread-17] INFO  : Closing JPA EntityManagerFactory for persistence unit 'default'
2025-04-18 10:53:53 [Thread-17] INFO  : HikariPool-5 - Shutdown initiated...
2025-04-18 10:53:53 [Thread-17] INFO  : HikariPool-5 - Shutdown completed.
2025-04-18 10:53:53 [restartedMain] INFO  : Starting AbcmKycServiceUiApplication using Java 17.0.10 with PID 4068 (C:\Users\Shyam\Documents\ABCM-KYC\abcm-kyc-service-ui\target\classes started by Shyam in C:\Users\Shyam\Documents\ABCM-KYC\abcm-kyc-service-ui)
2025-04-18 10:53:53 [restartedMain] INFO  : The following 1 profile is active: "dev"
2025-04-18 10:53:54 [restartedMain] INFO  : Bootstrapping Spring Data JPA repositories in DEFAULT mode.
2025-04-18 10:53:54 [restartedMain] INFO  : Finished Spring Data repository scanning in 36 ms. Found 6 JPA repository interfaces.
2025-04-18 10:53:54 [restartedMain] INFO  : Tomcat initialized with port 8087 (http)
2025-04-18 10:53:54 [restartedMain] INFO  : Starting service [Tomcat]
2025-04-18 10:53:54 [restartedMain] INFO  : Starting Servlet engine: [Apache Tomcat/10.1.39]
2025-04-18 10:53:54 [restartedMain] INFO  : At least one JAR was scanned for TLDs yet contained no TLDs. Enable debug logging for this logger for a complete list of JARs that were scanned but no TLDs were found in them. Skipping unneeded JARs during scanning can improve startup time and JSP compilation time.
2025-04-18 10:53:54 [restartedMain] INFO  : Initializing Spring embedded WebApplicationContext
2025-04-18 10:53:54 [restartedMain] INFO  : Root WebApplicationContext: initialization completed in 498 ms
2025-04-18 10:53:54 [restartedMain] INFO  : HHH000204: Processing PersistenceUnitInfo [name: default]
2025-04-18 10:53:54 [restartedMain] INFO  : HHH000026: Second-level cache disabled
2025-04-18 10:53:54 [restartedMain] INFO  : No LoadTimeWeaver setup: ignoring JPA class transformer
2025-04-18 10:53:54 [restartedMain] INFO  : HikariPool-6 - Starting...
2025-04-18 10:53:54 [restartedMain] INFO  : HikariPool-6 - Added connection com.mysql.cj.jdbc.ConnectionImpl@5677ba50
2025-04-18 10:53:54 [restartedMain] INFO  : HikariPool-6 - Start completed.
2025-04-18 10:53:54 [restartedMain] INFO  : HHH10001005: Database info:
	Database JDBC URL [Connecting through datasource 'HikariDataSource (HikariPool-6)']
	Database driver: undefined/unknown
	Database version: 8.0
	Autocommit mode: undefined/unknown
	Isolation level: undefined/unknown
	Minimum pool size: undefined/unknown
	Maximum pool size: undefined/unknown
2025-04-18 10:53:54 [restartedMain] INFO  : HHH000489: No JTA platform available (set 'hibernate.transaction.jta.platform' to enable JTA platform integration)
2025-04-18 10:53:54 [restartedMain] INFO  : Initialized JPA EntityManagerFactory for persistence unit 'default'
2025-04-18 10:53:54 [restartedMain] INFO  : Global AuthenticationManager configured with UserDetailsService bean with name customUserDetailsService
2025-04-18 10:53:55 [restartedMain] INFO  : LiveReload server is running on port 35729
2025-04-18 10:53:55 [restartedMain] INFO  : Tomcat started on port 8087 (http) with context path '/'
2025-04-18 10:53:55 [restartedMain] INFO  : Started AbcmKycServiceUiApplication in 1.186 seconds (process running for 305.894)
2025-04-18 10:53:55 [restartedMain] INFO  : Condition evaluation unchanged
2025-04-18 10:54:03 [File Watcher] INFO  : Restarting due to 1 class path change (0 additions, 0 deletions, 1 modification)
2025-04-18 10:54:03 [Thread-21] INFO  : Commencing graceful shutdown. Waiting for active requests to complete
2025-04-18 10:54:03 [tomcat-shutdown] INFO  : Graceful shutdown complete
2025-04-18 10:54:03 [Thread-21] INFO  : Closing JPA EntityManagerFactory for persistence unit 'default'
2025-04-18 10:54:03 [Thread-21] INFO  : HikariPool-6 - Shutdown initiated...
2025-04-18 10:54:03 [Thread-21] INFO  : HikariPool-6 - Shutdown completed.
2025-04-18 10:54:03 [restartedMain] INFO  : Starting AbcmKycServiceUiApplication using Java 17.0.10 with PID 4068 (C:\Users\Shyam\Documents\ABCM-KYC\abcm-kyc-service-ui\target\classes started by Shyam in C:\Users\Shyam\Documents\ABCM-KYC\abcm-kyc-service-ui)
2025-04-18 10:54:03 [restartedMain] INFO  : The following 1 profile is active: "dev"
2025-04-18 10:54:03 [restartedMain] INFO  : Bootstrapping Spring Data JPA repositories in DEFAULT mode.
2025-04-18 10:54:03 [restartedMain] INFO  : Finished Spring Data repository scanning in 37 ms. Found 6 JPA repository interfaces.
2025-04-18 10:54:03 [restartedMain] INFO  : Tomcat initialized with port 8087 (http)
2025-04-18 10:54:03 [restartedMain] INFO  : Starting service [Tomcat]
2025-04-18 10:54:03 [restartedMain] INFO  : Starting Servlet engine: [Apache Tomcat/10.1.39]
2025-04-18 10:54:04 [restartedMain] INFO  : At least one JAR was scanned for TLDs yet contained no TLDs. Enable debug logging for this logger for a complete list of JARs that were scanned but no TLDs were found in them. Skipping unneeded JARs during scanning can improve startup time and JSP compilation time.
2025-04-18 10:54:04 [restartedMain] INFO  : Initializing Spring embedded WebApplicationContext
2025-04-18 10:54:04 [restartedMain] INFO  : Root WebApplicationContext: initialization completed in 502 ms
2025-04-18 10:54:04 [restartedMain] INFO  : HHH000204: Processing PersistenceUnitInfo [name: default]
2025-04-18 10:54:04 [restartedMain] INFO  : HHH000026: Second-level cache disabled
2025-04-18 10:54:04 [restartedMain] INFO  : No LoadTimeWeaver setup: ignoring JPA class transformer
2025-04-18 10:54:04 [restartedMain] INFO  : HikariPool-7 - Starting...
2025-04-18 10:54:04 [restartedMain] INFO  : HikariPool-7 - Added connection com.mysql.cj.jdbc.ConnectionImpl@552fb784
2025-04-18 10:54:04 [restartedMain] INFO  : HikariPool-7 - Start completed.
2025-04-18 10:54:04 [restartedMain] INFO  : HHH10001005: Database info:
	Database JDBC URL [Connecting through datasource 'HikariDataSource (HikariPool-7)']
	Database driver: undefined/unknown
	Database version: 8.0
	Autocommit mode: undefined/unknown
	Isolation level: undefined/unknown
	Minimum pool size: undefined/unknown
	Maximum pool size: undefined/unknown
2025-04-18 10:54:04 [restartedMain] INFO  : HHH000489: No JTA platform available (set 'hibernate.transaction.jta.platform' to enable JTA platform integration)
2025-04-18 10:54:04 [restartedMain] INFO  : Initialized JPA EntityManagerFactory for persistence unit 'default'
2025-04-18 10:54:04 [restartedMain] INFO  : Global AuthenticationManager configured with UserDetailsService bean with name customUserDetailsService
2025-04-18 10:54:04 [restartedMain] INFO  : LiveReload server is running on port 35729
2025-04-18 10:54:04 [restartedMain] INFO  : Tomcat started on port 8087 (http) with context path '/'
2025-04-18 10:54:04 [restartedMain] INFO  : Started AbcmKycServiceUiApplication in 1.267 seconds (process running for 315.583)
2025-04-18 10:54:04 [restartedMain] INFO  : Condition evaluation unchanged
2025-04-18 10:54:28 [File Watcher] INFO  : Restarting due to 1 class path change (0 additions, 0 deletions, 1 modification)
2025-04-18 10:54:28 [Thread-25] INFO  : Commencing graceful shutdown. Waiting for active requests to complete
2025-04-18 10:54:28 [tomcat-shutdown] INFO  : Graceful shutdown complete
2025-04-18 10:54:28 [Thread-25] INFO  : Closing JPA EntityManagerFactory for persistence unit 'default'
2025-04-18 10:54:28 [Thread-25] INFO  : HikariPool-7 - Shutdown initiated...
2025-04-18 10:54:28 [Thread-25] INFO  : HikariPool-7 - Shutdown completed.
2025-04-18 10:54:28 [restartedMain] INFO  : Starting AbcmKycServiceUiApplication using Java 17.0.10 with PID 4068 (C:\Users\Shyam\Documents\ABCM-KYC\abcm-kyc-service-ui\target\classes started by Shyam in C:\Users\Shyam\Documents\ABCM-KYC\abcm-kyc-service-ui)
2025-04-18 10:54:28 [restartedMain] INFO  : The following 1 profile is active: "dev"
2025-04-18 10:54:29 [restartedMain] INFO  : Bootstrapping Spring Data JPA repositories in DEFAULT mode.
2025-04-18 10:54:29 [restartedMain] INFO  : Finished Spring Data repository scanning in 47 ms. Found 6 JPA repository interfaces.
2025-04-18 10:54:29 [restartedMain] INFO  : Tomcat initialized with port 8087 (http)
2025-04-18 10:54:29 [restartedMain] INFO  : Starting service [Tomcat]
2025-04-18 10:54:29 [restartedMain] INFO  : Starting Servlet engine: [Apache Tomcat/10.1.39]
2025-04-18 10:54:29 [restartedMain] INFO  : At least one JAR was scanned for TLDs yet contained no TLDs. Enable debug logging for this logger for a complete list of JARs that were scanned but no TLDs were found in them. Skipping unneeded JARs during scanning can improve startup time and JSP compilation time.
2025-04-18 10:54:29 [restartedMain] INFO  : Initializing Spring embedded WebApplicationContext
2025-04-18 10:54:29 [restartedMain] INFO  : Root WebApplicationContext: initialization completed in 507 ms
2025-04-18 10:54:29 [restartedMain] INFO  : HHH000204: Processing PersistenceUnitInfo [name: default]
2025-04-18 10:54:29 [restartedMain] INFO  : HHH000026: Second-level cache disabled
2025-04-18 10:54:29 [restartedMain] INFO  : No LoadTimeWeaver setup: ignoring JPA class transformer
2025-04-18 10:54:29 [restartedMain] INFO  : HikariPool-8 - Starting...
2025-04-18 10:54:29 [restartedMain] INFO  : HikariPool-8 - Added connection com.mysql.cj.jdbc.ConnectionImpl@2b143ce5
2025-04-18 10:54:29 [restartedMain] INFO  : HikariPool-8 - Start completed.
2025-04-18 10:54:29 [restartedMain] INFO  : HHH10001005: Database info:
	Database JDBC URL [Connecting through datasource 'HikariDataSource (HikariPool-8)']
	Database driver: undefined/unknown
	Database version: 8.0
	Autocommit mode: undefined/unknown
	Isolation level: undefined/unknown
	Minimum pool size: undefined/unknown
	Maximum pool size: undefined/unknown
2025-04-18 10:54:29 [restartedMain] INFO  : HHH000489: No JTA platform available (set 'hibernate.transaction.jta.platform' to enable JTA platform integration)
2025-04-18 10:54:29 [restartedMain] INFO  : Initialized JPA EntityManagerFactory for persistence unit 'default'
2025-04-18 10:54:29 [restartedMain] INFO  : Global AuthenticationManager configured with UserDetailsService bean with name customUserDetailsService
2025-04-18 10:54:30 [restartedMain] INFO  : LiveReload server is running on port 35729
2025-04-18 10:54:30 [restartedMain] INFO  : Tomcat started on port 8087 (http) with context path '/'
2025-04-18 10:54:30 [restartedMain] INFO  : Started AbcmKycServiceUiApplication in 1.309 seconds (process running for 340.913)
2025-04-18 10:54:30 [restartedMain] INFO  : Condition evaluation unchanged
2025-04-18 10:55:09 [File Watcher] INFO  : Restarting due to 3 class path changes (0 additions, 0 deletions, 3 modifications)
2025-04-18 10:55:09 [Thread-29] INFO  : Commencing graceful shutdown. Waiting for active requests to complete
2025-04-18 10:55:09 [tomcat-shutdown] INFO  : Graceful shutdown complete
2025-04-18 10:55:09 [Thread-29] INFO  : Closing JPA EntityManagerFactory for persistence unit 'default'
2025-04-18 10:55:09 [Thread-29] INFO  : HikariPool-8 - Shutdown initiated...
2025-04-18 10:55:09 [Thread-29] INFO  : HikariPool-8 - Shutdown completed.
2025-04-18 10:55:09 [restartedMain] INFO  : Starting AbcmKycServiceUiApplication using Java 17.0.10 with PID 4068 (C:\Users\Shyam\Documents\ABCM-KYC\abcm-kyc-service-ui\target\classes started by Shyam in C:\Users\Shyam\Documents\ABCM-KYC\abcm-kyc-service-ui)
2025-04-18 10:55:09 [restartedMain] INFO  : The following 1 profile is active: "dev"
2025-04-18 10:55:10 [restartedMain] INFO  : Bootstrapping Spring Data JPA repositories in DEFAULT mode.
2025-04-18 10:55:10 [restartedMain] INFO  : Finished Spring Data repository scanning in 34 ms. Found 6 JPA repository interfaces.
2025-04-18 10:55:10 [restartedMain] INFO  : Tomcat initialized with port 8087 (http)
2025-04-18 10:55:10 [restartedMain] INFO  : Starting service [Tomcat]
2025-04-18 10:55:10 [restartedMain] INFO  : Starting Servlet engine: [Apache Tomcat/10.1.39]
2025-04-18 10:55:10 [restartedMain] INFO  : At least one JAR was scanned for TLDs yet contained no TLDs. Enable debug logging for this logger for a complete list of JARs that were scanned but no TLDs were found in them. Skipping unneeded JARs during scanning can improve startup time and JSP compilation time.
2025-04-18 10:55:10 [restartedMain] INFO  : Initializing Spring embedded WebApplicationContext
2025-04-18 10:55:10 [restartedMain] INFO  : Root WebApplicationContext: initialization completed in 480 ms
2025-04-18 10:55:10 [restartedMain] INFO  : HHH000204: Processing PersistenceUnitInfo [name: default]
2025-04-18 10:55:10 [restartedMain] INFO  : HHH000026: Second-level cache disabled
2025-04-18 10:55:10 [restartedMain] INFO  : No LoadTimeWeaver setup: ignoring JPA class transformer
2025-04-18 10:55:10 [restartedMain] INFO  : HikariPool-9 - Starting...
2025-04-18 10:55:10 [restartedMain] INFO  : HikariPool-9 - Added connection com.mysql.cj.jdbc.ConnectionImpl@7eaafcb7
2025-04-18 10:55:10 [restartedMain] INFO  : HikariPool-9 - Start completed.
2025-04-18 10:55:10 [restartedMain] INFO  : HHH10001005: Database info:
	Database JDBC URL [Connecting through datasource 'HikariDataSource (HikariPool-9)']
	Database driver: undefined/unknown
	Database version: 8.0
	Autocommit mode: undefined/unknown
	Isolation level: undefined/unknown
	Minimum pool size: undefined/unknown
	Maximum pool size: undefined/unknown
2025-04-18 10:55:10 [restartedMain] INFO  : HHH000489: No JTA platform available (set 'hibernate.transaction.jta.platform' to enable JTA platform integration)
2025-04-18 10:55:10 [restartedMain] INFO  : Initialized JPA EntityManagerFactory for persistence unit 'default'
2025-04-18 10:55:10 [restartedMain] INFO  : Global AuthenticationManager configured with UserDetailsService bean with name customUserDetailsService
2025-04-18 10:55:10 [restartedMain] INFO  : LiveReload server is running on port 35729
2025-04-18 10:55:11 [restartedMain] INFO  : Tomcat started on port 8087 (http) with context path '/'
2025-04-18 10:55:11 [restartedMain] INFO  : Started AbcmKycServiceUiApplication in 1.198 seconds (process running for 381.834)
2025-04-18 10:55:11 [restartedMain] INFO  : Condition evaluation unchanged
2025-04-18 10:55:26 [File Watcher] INFO  : Restarting due to 1 class path change (0 additions, 0 deletions, 1 modification)
2025-04-18 10:55:26 [Thread-33] INFO  : Commencing graceful shutdown. Waiting for active requests to complete
2025-04-18 10:55:26 [tomcat-shutdown] INFO  : Graceful shutdown complete
2025-04-18 10:55:26 [Thread-33] INFO  : Closing JPA EntityManagerFactory for persistence unit 'default'
2025-04-18 10:55:26 [Thread-33] INFO  : HikariPool-9 - Shutdown initiated...
2025-04-18 10:55:26 [Thread-33] INFO  : HikariPool-9 - Shutdown completed.
2025-04-18 10:55:26 [restartedMain] INFO  : Starting AbcmKycServiceUiApplication using Java 17.0.10 with PID 4068 (C:\Users\Shyam\Documents\ABCM-KYC\abcm-kyc-service-ui\target\classes started by Shyam in C:\Users\Shyam\Documents\ABCM-KYC\abcm-kyc-service-ui)
2025-04-18 10:55:26 [restartedMain] INFO  : The following 1 profile is active: "dev"
2025-04-18 10:55:26 [restartedMain] INFO  : Bootstrapping Spring Data JPA repositories in DEFAULT mode.
2025-04-18 10:55:26 [restartedMain] INFO  : Finished Spring Data repository scanning in 35 ms. Found 6 JPA repository interfaces.
2025-04-18 10:55:26 [restartedMain] INFO  : Tomcat initialized with port 8087 (http)
2025-04-18 10:55:26 [restartedMain] INFO  : Starting service [Tomcat]
2025-04-18 10:55:26 [restartedMain] INFO  : Starting Servlet engine: [Apache Tomcat/10.1.39]
2025-04-18 10:55:26 [restartedMain] INFO  : At least one JAR was scanned for TLDs yet contained no TLDs. Enable debug logging for this logger for a complete list of JARs that were scanned but no TLDs were found in them. Skipping unneeded JARs during scanning can improve startup time and JSP compilation time.
2025-04-18 10:55:26 [restartedMain] INFO  : Initializing Spring embedded WebApplicationContext
2025-04-18 10:55:26 [restartedMain] INFO  : Root WebApplicationContext: initialization completed in 476 ms
2025-04-18 10:55:26 [restartedMain] INFO  : HHH000204: Processing PersistenceUnitInfo [name: default]
2025-04-18 10:55:26 [restartedMain] INFO  : HHH000026: Second-level cache disabled
2025-04-18 10:55:26 [restartedMain] INFO  : No LoadTimeWeaver setup: ignoring JPA class transformer
2025-04-18 10:55:26 [restartedMain] INFO  : HikariPool-10 - Starting...
2025-04-18 10:55:26 [restartedMain] INFO  : HikariPool-10 - Added connection com.mysql.cj.jdbc.ConnectionImpl@4dc8b10
2025-04-18 10:55:26 [restartedMain] INFO  : HikariPool-10 - Start completed.
2025-04-18 10:55:26 [restartedMain] INFO  : HHH10001005: Database info:
	Database JDBC URL [Connecting through datasource 'HikariDataSource (HikariPool-10)']
	Database driver: undefined/unknown
	Database version: 8.0
	Autocommit mode: undefined/unknown
	Isolation level: undefined/unknown
	Minimum pool size: undefined/unknown
	Maximum pool size: undefined/unknown
2025-04-18 10:55:26 [restartedMain] INFO  : HHH000489: No JTA platform available (set 'hibernate.transaction.jta.platform' to enable JTA platform integration)
2025-04-18 10:55:27 [restartedMain] INFO  : Initialized JPA EntityManagerFactory for persistence unit 'default'
2025-04-18 10:55:27 [restartedMain] INFO  : Global AuthenticationManager configured with UserDetailsService bean with name customUserDetailsService
2025-04-18 10:55:27 [restartedMain] INFO  : LiveReload server is running on port 35729
2025-04-18 10:55:27 [restartedMain] INFO  : Tomcat started on port 8087 (http) with context path '/'
2025-04-18 10:55:27 [restartedMain] INFO  : Started AbcmKycServiceUiApplication in 1.244 seconds (process running for 398.223)
2025-04-18 10:55:27 [restartedMain] INFO  : Condition evaluation unchanged
2025-04-18 10:55:32 [File Watcher] INFO  : Restarting due to 1 class path change (0 additions, 0 deletions, 1 modification)
2025-04-18 10:55:32 [Thread-37] INFO  : Commencing graceful shutdown. Waiting for active requests to complete
2025-04-18 10:55:32 [tomcat-shutdown] INFO  : Graceful shutdown complete
2025-04-18 10:55:32 [Thread-37] INFO  : Closing JPA EntityManagerFactory for persistence unit 'default'
2025-04-18 10:55:32 [Thread-37] INFO  : HikariPool-10 - Shutdown initiated...
2025-04-18 10:55:32 [Thread-37] INFO  : HikariPool-10 - Shutdown completed.
2025-04-18 10:55:32 [restartedMain] INFO  : Starting AbcmKycServiceUiApplication using Java 17.0.10 with PID 4068 (C:\Users\Shyam\Documents\ABCM-KYC\abcm-kyc-service-ui\target\classes started by Shyam in C:\Users\Shyam\Documents\ABCM-KYC\abcm-kyc-service-ui)
2025-04-18 10:55:32 [restartedMain] INFO  : The following 1 profile is active: "dev"
2025-04-18 10:55:32 [restartedMain] INFO  : Bootstrapping Spring Data JPA repositories in DEFAULT mode.
2025-04-18 10:55:32 [restartedMain] INFO  : Finished Spring Data repository scanning in 41 ms. Found 6 JPA repository interfaces.
2025-04-18 10:55:32 [restartedMain] INFO  : Tomcat initialized with port 8087 (http)
2025-04-18 10:55:32 [restartedMain] INFO  : Starting service [Tomcat]
2025-04-18 10:55:32 [restartedMain] INFO  : Starting Servlet engine: [Apache Tomcat/10.1.39]
2025-04-18 10:55:33 [restartedMain] INFO  : At least one JAR was scanned for TLDs yet contained no TLDs. Enable debug logging for this logger for a complete list of JARs that were scanned but no TLDs were found in them. Skipping unneeded JARs during scanning can improve startup time and JSP compilation time.
2025-04-18 10:55:33 [restartedMain] INFO  : Initializing Spring embedded WebApplicationContext
2025-04-18 10:55:33 [restartedMain] INFO  : Root WebApplicationContext: initialization completed in 475 ms
2025-04-18 10:55:33 [restartedMain] INFO  : HHH000204: Processing PersistenceUnitInfo [name: default]
2025-04-18 10:55:33 [restartedMain] INFO  : HHH000026: Second-level cache disabled
2025-04-18 10:55:33 [restartedMain] INFO  : No LoadTimeWeaver setup: ignoring JPA class transformer
2025-04-18 10:55:33 [restartedMain] INFO  : HikariPool-11 - Starting...
2025-04-18 10:55:33 [restartedMain] INFO  : HikariPool-11 - Added connection com.mysql.cj.jdbc.ConnectionImpl@4024b40c
2025-04-18 10:55:33 [restartedMain] INFO  : HikariPool-11 - Start completed.
2025-04-18 10:55:33 [restartedMain] INFO  : HHH10001005: Database info:
	Database JDBC URL [Connecting through datasource 'HikariDataSource (HikariPool-11)']
	Database driver: undefined/unknown
	Database version: 8.0
	Autocommit mode: undefined/unknown
	Isolation level: undefined/unknown
	Minimum pool size: undefined/unknown
	Maximum pool size: undefined/unknown
2025-04-18 10:55:33 [restartedMain] INFO  : HHH000489: No JTA platform available (set 'hibernate.transaction.jta.platform' to enable JTA platform integration)
2025-04-18 10:55:33 [restartedMain] INFO  : Initialized JPA EntityManagerFactory for persistence unit 'default'
2025-04-18 10:55:33 [restartedMain] INFO  : Global AuthenticationManager configured with UserDetailsService bean with name customUserDetailsService
2025-04-18 10:55:33 [restartedMain] INFO  : LiveReload server is running on port 35729
2025-04-18 10:55:33 [restartedMain] INFO  : Tomcat started on port 8087 (http) with context path '/'
2025-04-18 10:55:33 [restartedMain] INFO  : Started AbcmKycServiceUiApplication in 1.269 seconds (process running for 404.638)
2025-04-18 10:55:33 [restartedMain] INFO  : Condition evaluation unchanged
2025-04-18 10:55:35 [File Watcher] INFO  : Restarting due to 1 class path change (0 additions, 0 deletions, 1 modification)
2025-04-18 10:55:35 [Thread-41] INFO  : Commencing graceful shutdown. Waiting for active requests to complete
2025-04-18 10:55:35 [tomcat-shutdown] INFO  : Graceful shutdown complete
2025-04-18 10:55:35 [Thread-41] INFO  : Closing JPA EntityManagerFactory for persistence unit 'default'
2025-04-18 10:55:35 [Thread-41] INFO  : HikariPool-11 - Shutdown initiated...
2025-04-18 10:55:35 [Thread-41] INFO  : HikariPool-11 - Shutdown completed.
2025-04-18 10:55:35 [restartedMain] INFO  : Starting AbcmKycServiceUiApplication using Java 17.0.10 with PID 4068 (C:\Users\Shyam\Documents\ABCM-KYC\abcm-kyc-service-ui\target\classes started by Shyam in C:\Users\Shyam\Documents\ABCM-KYC\abcm-kyc-service-ui)
2025-04-18 10:55:35 [restartedMain] INFO  : The following 1 profile is active: "dev"
2025-04-18 10:55:35 [restartedMain] INFO  : Bootstrapping Spring Data JPA repositories in DEFAULT mode.
2025-04-18 10:55:36 [restartedMain] INFO  : Finished Spring Data repository scanning in 43 ms. Found 6 JPA repository interfaces.
2025-04-18 10:55:36 [restartedMain] INFO  : Tomcat initialized with port 8087 (http)
2025-04-18 10:55:36 [restartedMain] INFO  : Starting service [Tomcat]
2025-04-18 10:55:36 [restartedMain] INFO  : Starting Servlet engine: [Apache Tomcat/10.1.39]
2025-04-18 10:55:36 [restartedMain] INFO  : At least one JAR was scanned for TLDs yet contained no TLDs. Enable debug logging for this logger for a complete list of JARs that were scanned but no TLDs were found in them. Skipping unneeded JARs during scanning can improve startup time and JSP compilation time.
2025-04-18 10:55:36 [restartedMain] INFO  : Initializing Spring embedded WebApplicationContext
2025-04-18 10:55:36 [restartedMain] INFO  : Root WebApplicationContext: initialization completed in 568 ms
2025-04-18 10:55:36 [restartedMain] INFO  : HHH000204: Processing PersistenceUnitInfo [name: default]
2025-04-18 10:55:36 [restartedMain] INFO  : HHH000026: Second-level cache disabled
2025-04-18 10:55:36 [restartedMain] INFO  : No LoadTimeWeaver setup: ignoring JPA class transformer
2025-04-18 10:55:36 [restartedMain] INFO  : HikariPool-12 - Starting...
2025-04-18 10:55:36 [restartedMain] INFO  : HikariPool-12 - Added connection com.mysql.cj.jdbc.ConnectionImpl@187427e4
2025-04-18 10:55:36 [restartedMain] INFO  : HikariPool-12 - Start completed.
2025-04-18 10:55:36 [restartedMain] INFO  : HHH10001005: Database info:
	Database JDBC URL [Connecting through datasource 'HikariDataSource (HikariPool-12)']
	Database driver: undefined/unknown
	Database version: 8.0
	Autocommit mode: undefined/unknown
	Isolation level: undefined/unknown
	Minimum pool size: undefined/unknown
	Maximum pool size: undefined/unknown
2025-04-18 10:55:36 [restartedMain] INFO  : HHH000489: No JTA platform available (set 'hibernate.transaction.jta.platform' to enable JTA platform integration)
2025-04-18 10:55:36 [restartedMain] INFO  : Initialized JPA EntityManagerFactory for persistence unit 'default'
2025-04-18 10:55:36 [restartedMain] INFO  : Global AuthenticationManager configured with UserDetailsService bean with name customUserDetailsService
2025-04-18 10:55:36 [restartedMain] INFO  : LiveReload server is running on port 35729
2025-04-18 10:55:36 [restartedMain] INFO  : Tomcat started on port 8087 (http) with context path '/'
2025-04-18 10:55:36 [restartedMain] INFO  : Started AbcmKycServiceUiApplication in 1.246 seconds (process running for 407.722)
2025-04-18 10:55:36 [restartedMain] INFO  : Condition evaluation unchanged
2025-04-18 10:55:38 [File Watcher] INFO  : Restarting due to 1 class path change (0 additions, 0 deletions, 1 modification)
2025-04-18 10:55:38 [Thread-45] INFO  : Commencing graceful shutdown. Waiting for active requests to complete
2025-04-18 10:55:38 [tomcat-shutdown] INFO  : Graceful shutdown complete
2025-04-18 10:55:38 [Thread-45] INFO  : Closing JPA EntityManagerFactory for persistence unit 'default'
2025-04-18 10:55:38 [Thread-45] INFO  : HikariPool-12 - Shutdown initiated...
2025-04-18 10:55:38 [Thread-45] INFO  : HikariPool-12 - Shutdown completed.
2025-04-18 10:55:38 [restartedMain] INFO  : Starting AbcmKycServiceUiApplication using Java 17.0.10 with PID 4068 (C:\Users\Shyam\Documents\ABCM-KYC\abcm-kyc-service-ui\target\classes started by Shyam in C:\Users\Shyam\Documents\ABCM-KYC\abcm-kyc-service-ui)
2025-04-18 10:55:38 [restartedMain] INFO  : The following 1 profile is active: "dev"
2025-04-18 10:55:38 [restartedMain] INFO  : Bootstrapping Spring Data JPA repositories in DEFAULT mode.
2025-04-18 10:55:38 [restartedMain] INFO  : Finished Spring Data repository scanning in 34 ms. Found 6 JPA repository interfaces.
2025-04-18 10:55:39 [restartedMain] INFO  : Tomcat initialized with port 8087 (http)
2025-04-18 10:55:39 [restartedMain] INFO  : Starting service [Tomcat]
2025-04-18 10:55:39 [restartedMain] INFO  : Starting Servlet engine: [Apache Tomcat/10.1.39]
2025-04-18 10:55:39 [restartedMain] INFO  : At least one JAR was scanned for TLDs yet contained no TLDs. Enable debug logging for this logger for a complete list of JARs that were scanned but no TLDs were found in them. Skipping unneeded JARs during scanning can improve startup time and JSP compilation time.
2025-04-18 10:55:39 [restartedMain] INFO  : Initializing Spring embedded WebApplicationContext
2025-04-18 10:55:39 [restartedMain] INFO  : Root WebApplicationContext: initialization completed in 505 ms
2025-04-18 10:55:39 [restartedMain] INFO  : HHH000204: Processing PersistenceUnitInfo [name: default]
2025-04-18 10:55:39 [restartedMain] INFO  : HHH000026: Second-level cache disabled
2025-04-18 10:55:39 [restartedMain] INFO  : No LoadTimeWeaver setup: ignoring JPA class transformer
2025-04-18 10:55:39 [restartedMain] INFO  : HikariPool-13 - Starting...
2025-04-18 10:55:39 [restartedMain] INFO  : HikariPool-13 - Added connection com.mysql.cj.jdbc.ConnectionImpl@46299405
2025-04-18 10:55:39 [restartedMain] INFO  : HikariPool-13 - Start completed.
2025-04-18 10:55:39 [restartedMain] INFO  : HHH10001005: Database info:
	Database JDBC URL [Connecting through datasource 'HikariDataSource (HikariPool-13)']
	Database driver: undefined/unknown
	Database version: 8.0
	Autocommit mode: undefined/unknown
	Isolation level: undefined/unknown
	Minimum pool size: undefined/unknown
	Maximum pool size: undefined/unknown
2025-04-18 10:55:39 [restartedMain] INFO  : HHH000489: No JTA platform available (set 'hibernate.transaction.jta.platform' to enable JTA platform integration)
2025-04-18 10:55:39 [restartedMain] INFO  : Initialized JPA EntityManagerFactory for persistence unit 'default'
2025-04-18 10:55:39 [restartedMain] INFO  : Global AuthenticationManager configured with UserDetailsService bean with name customUserDetailsService
2025-04-18 10:55:39 [restartedMain] INFO  : LiveReload server is running on port 35729
2025-04-18 10:55:39 [restartedMain] INFO  : Tomcat started on port 8087 (http) with context path '/'
2025-04-18 10:55:39 [restartedMain] INFO  : Started AbcmKycServiceUiApplication in 1.24 seconds (process running for 410.692)
2025-04-18 10:55:39 [restartedMain] INFO  : Condition evaluation unchanged
2025-04-18 10:55:48 [http-nio-8087-exec-2] INFO  : Initializing Spring DispatcherServlet 'dispatcherServlet'
2025-04-18 10:55:48 [http-nio-8087-exec-2] INFO  : Initializing Servlet 'dispatcherServlet'
2025-04-18 10:55:48 [http-nio-8087-exec-2] INFO  : Completed initialization in 1 ms
2025-04-18 11:20:57 [File Watcher] INFO  : Restarting due to 1 class path change (1 addition, 0 deletions, 0 modifications)
2025-04-18 11:20:57 [Thread-49] INFO  : Commencing graceful shutdown. Waiting for active requests to complete
2025-04-18 11:20:57 [tomcat-shutdown] INFO  : Graceful shutdown complete
2025-04-18 11:20:57 [Thread-49] INFO  : Closing JPA EntityManagerFactory for persistence unit 'default'
2025-04-18 11:20:57 [Thread-49] INFO  : HikariPool-13 - Shutdown initiated...
2025-04-18 11:20:57 [Thread-49] INFO  : HikariPool-13 - Shutdown completed.
2025-04-18 11:20:57 [restartedMain] INFO  : Starting AbcmKycServiceUiApplication using Java 17.0.10 with PID 4068 (C:\Users\Shyam\Documents\ABCM-KYC\abcm-kyc-service-ui\target\classes started by Shyam in C:\Users\Shyam\Documents\ABCM-KYC\abcm-kyc-service-ui)
2025-04-18 11:20:57 [restartedMain] INFO  : The following 1 profile is active: "dev"
2025-04-18 11:20:58 [restartedMain] INFO  : Bootstrapping Spring Data JPA repositories in DEFAULT mode.
2025-04-18 11:20:58 [restartedMain] INFO  : Finished Spring Data repository scanning in 42 ms. Found 6 JPA repository interfaces.
2025-04-18 11:20:58 [restartedMain] INFO  : Tomcat initialized with port 8087 (http)
2025-04-18 11:20:58 [restartedMain] INFO  : Starting service [Tomcat]
2025-04-18 11:20:58 [restartedMain] INFO  : Starting Servlet engine: [Apache Tomcat/10.1.39]
2025-04-18 11:20:58 [restartedMain] INFO  : At least one JAR was scanned for TLDs yet contained no TLDs. Enable debug logging for this logger for a complete list of JARs that were scanned but no TLDs were found in them. Skipping unneeded JARs during scanning can improve startup time and JSP compilation time.
2025-04-18 11:20:58 [restartedMain] INFO  : Initializing Spring embedded WebApplicationContext
2025-04-18 11:20:58 [restartedMain] INFO  : Root WebApplicationContext: initialization completed in 612 ms
2025-04-18 11:20:58 [restartedMain] INFO  : HHH000204: Processing PersistenceUnitInfo [name: default]
2025-04-18 11:20:58 [restartedMain] INFO  : HHH000026: Second-level cache disabled
2025-04-18 11:20:58 [restartedMain] INFO  : No LoadTimeWeaver setup: ignoring JPA class transformer
2025-04-18 11:20:58 [restartedMain] INFO  : HikariPool-14 - Starting...
2025-04-18 11:20:58 [restartedMain] INFO  : HikariPool-14 - Added connection com.mysql.cj.jdbc.ConnectionImpl@2e3db987
2025-04-18 11:20:58 [restartedMain] INFO  : HikariPool-14 - Start completed.
2025-04-18 11:20:58 [restartedMain] INFO  : HHH10001005: Database info:
	Database JDBC URL [Connecting through datasource 'HikariDataSource (HikariPool-14)']
	Database driver: undefined/unknown
	Database version: 8.0
	Autocommit mode: undefined/unknown
	Isolation level: undefined/unknown
	Minimum pool size: undefined/unknown
	Maximum pool size: undefined/unknown
2025-04-18 11:20:58 [restartedMain] INFO  : HHH000489: No JTA platform available (set 'hibernate.transaction.jta.platform' to enable JTA platform integration)
2025-04-18 11:20:59 [restartedMain] INFO  : Initialized JPA EntityManagerFactory for persistence unit 'default'
2025-04-18 11:20:59 [restartedMain] INFO  : Global AuthenticationManager configured with UserDetailsService bean with name customUserDetailsService
2025-04-18 11:20:59 [restartedMain] INFO  : LiveReload server is running on port 35729
2025-04-18 11:20:59 [restartedMain] INFO  : Tomcat started on port 8087 (http) with context path '/'
2025-04-18 11:20:59 [restartedMain] INFO  : Started AbcmKycServiceUiApplication in 1.473 seconds (process running for 1930.173)
2025-04-18 11:20:59 [restartedMain] INFO  : Condition evaluation unchanged
2025-04-18 11:21:11 [File Watcher] INFO  : Restarting due to 1 class path change (0 additions, 0 deletions, 1 modification)
2025-04-18 11:21:11 [Thread-53] INFO  : Commencing graceful shutdown. Waiting for active requests to complete
2025-04-18 11:21:11 [tomcat-shutdown] INFO  : Graceful shutdown complete
2025-04-18 11:21:11 [Thread-53] INFO  : Closing JPA EntityManagerFactory for persistence unit 'default'
2025-04-18 11:21:11 [Thread-53] INFO  : HikariPool-14 - Shutdown initiated...
2025-04-18 11:21:11 [Thread-53] INFO  : HikariPool-14 - Shutdown completed.
2025-04-18 11:21:11 [restartedMain] INFO  : Starting AbcmKycServiceUiApplication using Java 17.0.10 with PID 4068 (C:\Users\Shyam\Documents\ABCM-KYC\abcm-kyc-service-ui\target\classes started by Shyam in C:\Users\Shyam\Documents\ABCM-KYC\abcm-kyc-service-ui)
2025-04-18 11:21:11 [restartedMain] INFO  : The following 1 profile is active: "dev"
2025-04-18 11:21:11 [restartedMain] INFO  : Bootstrapping Spring Data JPA repositories in DEFAULT mode.
2025-04-18 11:21:11 [restartedMain] INFO  : Finished Spring Data repository scanning in 42 ms. Found 6 JPA repository interfaces.
2025-04-18 11:21:11 [restartedMain] INFO  : Tomcat initialized with port 8087 (http)
2025-04-18 11:21:11 [restartedMain] INFO  : Starting service [Tomcat]
2025-04-18 11:21:11 [restartedMain] INFO  : Starting Servlet engine: [Apache Tomcat/10.1.39]
2025-04-18 11:21:12 [restartedMain] INFO  : At least one JAR was scanned for TLDs yet contained no TLDs. Enable debug logging for this logger for a complete list of JARs that were scanned but no TLDs were found in them. Skipping unneeded JARs during scanning can improve startup time and JSP compilation time.
2025-04-18 11:21:12 [restartedMain] INFO  : Initializing Spring embedded WebApplicationContext
2025-04-18 11:21:12 [restartedMain] INFO  : Root WebApplicationContext: initialization completed in 512 ms
2025-04-18 11:21:12 [restartedMain] INFO  : HHH000204: Processing PersistenceUnitInfo [name: default]
2025-04-18 11:21:12 [restartedMain] INFO  : HHH000026: Second-level cache disabled
2025-04-18 11:21:12 [restartedMain] INFO  : No LoadTimeWeaver setup: ignoring JPA class transformer
2025-04-18 11:21:12 [restartedMain] INFO  : HikariPool-15 - Starting...
2025-04-18 11:21:12 [restartedMain] INFO  : HikariPool-15 - Added connection com.mysql.cj.jdbc.ConnectionImpl@6105c1ef
2025-04-18 11:21:12 [restartedMain] INFO  : HikariPool-15 - Start completed.
2025-04-18 11:21:12 [restartedMain] INFO  : HHH10001005: Database info:
	Database JDBC URL [Connecting through datasource 'HikariDataSource (HikariPool-15)']
	Database driver: undefined/unknown
	Database version: 8.0
	Autocommit mode: undefined/unknown
	Isolation level: undefined/unknown
	Minimum pool size: undefined/unknown
	Maximum pool size: undefined/unknown
2025-04-18 11:21:12 [restartedMain] INFO  : HHH000489: No JTA platform available (set 'hibernate.transaction.jta.platform' to enable JTA platform integration)
2025-04-18 11:21:12 [restartedMain] INFO  : Initialized JPA EntityManagerFactory for persistence unit 'default'
2025-04-18 11:21:12 [restartedMain] INFO  : Global AuthenticationManager configured with UserDetailsService bean with name customUserDetailsService
2025-04-18 11:21:12 [restartedMain] INFO  : LiveReload server is running on port 35729
2025-04-18 11:21:12 [restartedMain] INFO  : Tomcat started on port 8087 (http) with context path '/'
2025-04-18 11:21:12 [restartedMain] INFO  : Started AbcmKycServiceUiApplication in 1.236 seconds (process running for 1943.524)
2025-04-18 11:21:12 [restartedMain] INFO  : Condition evaluation unchanged
2025-04-18 11:21:18 [File Watcher] INFO  : Restarting due to 1 class path change (0 additions, 0 deletions, 1 modification)
2025-04-18 11:21:18 [Thread-57] INFO  : Commencing graceful shutdown. Waiting for active requests to complete
2025-04-18 11:21:18 [tomcat-shutdown] INFO  : Graceful shutdown complete
2025-04-18 11:21:18 [Thread-57] INFO  : Closing JPA EntityManagerFactory for persistence unit 'default'
2025-04-18 11:21:18 [Thread-57] INFO  : HikariPool-15 - Shutdown initiated...
2025-04-18 11:21:18 [Thread-57] INFO  : HikariPool-15 - Shutdown completed.
2025-04-18 11:21:19 [restartedMain] INFO  : Starting AbcmKycServiceUiApplication using Java 17.0.10 with PID 4068 (C:\Users\Shyam\Documents\ABCM-KYC\abcm-kyc-service-ui\target\classes started by Shyam in C:\Users\Shyam\Documents\ABCM-KYC\abcm-kyc-service-ui)
2025-04-18 11:21:19 [restartedMain] INFO  : The following 1 profile is active: "dev"
2025-04-18 11:21:19 [restartedMain] INFO  : Bootstrapping Spring Data JPA repositories in DEFAULT mode.
2025-04-18 11:21:19 [restartedMain] INFO  : Finished Spring Data repository scanning in 34 ms. Found 6 JPA repository interfaces.
2025-04-18 11:21:19 [restartedMain] INFO  : Tomcat initialized with port 8087 (http)
2025-04-18 11:21:19 [restartedMain] INFO  : Starting service [Tomcat]
2025-04-18 11:21:19 [restartedMain] INFO  : Starting Servlet engine: [Apache Tomcat/10.1.39]
2025-04-18 11:21:19 [restartedMain] INFO  : At least one JAR was scanned for TLDs yet contained no TLDs. Enable debug logging for this logger for a complete list of JARs that were scanned but no TLDs were found in them. Skipping unneeded JARs during scanning can improve startup time and JSP compilation time.
2025-04-18 11:21:19 [restartedMain] INFO  : Initializing Spring embedded WebApplicationContext
2025-04-18 11:21:19 [restartedMain] INFO  : Root WebApplicationContext: initialization completed in 473 ms
2025-04-18 11:21:19 [restartedMain] INFO  : HHH000204: Processing PersistenceUnitInfo [name: default]
2025-04-18 11:21:19 [restartedMain] INFO  : HHH000026: Second-level cache disabled
2025-04-18 11:21:19 [restartedMain] INFO  : No LoadTimeWeaver setup: ignoring JPA class transformer
2025-04-18 11:21:19 [restartedMain] INFO  : HikariPool-16 - Starting...
2025-04-18 11:21:19 [restartedMain] INFO  : HikariPool-16 - Added connection com.mysql.cj.jdbc.ConnectionImpl@62f17126
2025-04-18 11:21:19 [restartedMain] INFO  : HikariPool-16 - Start completed.
2025-04-18 11:21:19 [restartedMain] INFO  : HHH10001005: Database info:
	Database JDBC URL [Connecting through datasource 'HikariDataSource (HikariPool-16)']
	Database driver: undefined/unknown
	Database version: 8.0
	Autocommit mode: undefined/unknown
	Isolation level: undefined/unknown
	Minimum pool size: undefined/unknown
	Maximum pool size: undefined/unknown
2025-04-18 11:21:19 [restartedMain] INFO  : HHH000489: No JTA platform available (set 'hibernate.transaction.jta.platform' to enable JTA platform integration)
2025-04-18 11:21:19 [restartedMain] INFO  : Initialized JPA EntityManagerFactory for persistence unit 'default'
2025-04-18 11:21:20 [restartedMain] INFO  : Global AuthenticationManager configured with UserDetailsService bean with name customUserDetailsService
2025-04-18 11:21:20 [restartedMain] INFO  : LiveReload server is running on port 35729
2025-04-18 11:21:20 [restartedMain] INFO  : Tomcat started on port 8087 (http) with context path '/'
2025-04-18 11:21:20 [restartedMain] INFO  : Started AbcmKycServiceUiApplication in 1.134 seconds (process running for 1950.973)
2025-04-18 11:21:20 [restartedMain] INFO  : Condition evaluation unchanged
2025-04-18 11:21:28 [File Watcher] INFO  : Restarting due to 1 class path change (0 additions, 0 deletions, 1 modification)
2025-04-18 11:21:28 [Thread-61] INFO  : Commencing graceful shutdown. Waiting for active requests to complete
2025-04-18 11:21:28 [tomcat-shutdown] INFO  : Graceful shutdown complete
2025-04-18 11:21:28 [Thread-61] INFO  : Closing JPA EntityManagerFactory for persistence unit 'default'
2025-04-18 11:21:28 [Thread-61] INFO  : HikariPool-16 - Shutdown initiated...
2025-04-18 11:21:28 [Thread-61] INFO  : HikariPool-16 - Shutdown completed.
2025-04-18 11:21:28 [restartedMain] INFO  : Starting AbcmKycServiceUiApplication using Java 17.0.10 with PID 4068 (C:\Users\Shyam\Documents\ABCM-KYC\abcm-kyc-service-ui\target\classes started by Shyam in C:\Users\Shyam\Documents\ABCM-KYC\abcm-kyc-service-ui)
2025-04-18 11:21:28 [restartedMain] INFO  : The following 1 profile is active: "dev"
2025-04-18 11:21:29 [restartedMain] INFO  : Bootstrapping Spring Data JPA repositories in DEFAULT mode.
2025-04-18 11:21:29 [restartedMain] INFO  : Finished Spring Data repository scanning in 36 ms. Found 6 JPA repository interfaces.
2025-04-18 11:21:29 [restartedMain] INFO  : Tomcat initialized with port 8087 (http)
2025-04-18 11:21:29 [restartedMain] INFO  : Starting service [Tomcat]
2025-04-18 11:21:29 [restartedMain] INFO  : Starting Servlet engine: [Apache Tomcat/10.1.39]
2025-04-18 11:21:29 [restartedMain] INFO  : At least one JAR was scanned for TLDs yet contained no TLDs. Enable debug logging for this logger for a complete list of JARs that were scanned but no TLDs were found in them. Skipping unneeded JARs during scanning can improve startup time and JSP compilation time.
2025-04-18 11:21:29 [restartedMain] INFO  : Initializing Spring embedded WebApplicationContext
2025-04-18 11:21:29 [restartedMain] INFO  : Root WebApplicationContext: initialization completed in 471 ms
2025-04-18 11:21:29 [restartedMain] INFO  : HHH000204: Processing PersistenceUnitInfo [name: default]
2025-04-18 11:21:29 [restartedMain] INFO  : HHH000026: Second-level cache disabled
2025-04-18 11:21:29 [restartedMain] INFO  : No LoadTimeWeaver setup: ignoring JPA class transformer
2025-04-18 11:21:29 [restartedMain] INFO  : HikariPool-17 - Starting...
2025-04-18 11:21:29 [restartedMain] INFO  : HikariPool-17 - Added connection com.mysql.cj.jdbc.ConnectionImpl@12ddde2f
2025-04-18 11:21:29 [restartedMain] INFO  : HikariPool-17 - Start completed.
2025-04-18 11:21:29 [restartedMain] INFO  : HHH10001005: Database info:
	Database JDBC URL [Connecting through datasource 'HikariDataSource (HikariPool-17)']
	Database driver: undefined/unknown
	Database version: 8.0
	Autocommit mode: undefined/unknown
	Isolation level: undefined/unknown
	Minimum pool size: undefined/unknown
	Maximum pool size: undefined/unknown
2025-04-18 11:21:29 [restartedMain] INFO  : HHH000489: No JTA platform available (set 'hibernate.transaction.jta.platform' to enable JTA platform integration)
2025-04-18 11:21:29 [restartedMain] INFO  : Initialized JPA EntityManagerFactory for persistence unit 'default'
2025-04-18 11:21:29 [restartedMain] INFO  : Global AuthenticationManager configured with UserDetailsService bean with name customUserDetailsService
2025-04-18 11:21:29 [restartedMain] INFO  : LiveReload server is running on port 35729
2025-04-18 11:21:29 [restartedMain] INFO  : Tomcat started on port 8087 (http) with context path '/'
2025-04-18 11:21:29 [restartedMain] INFO  : Started AbcmKycServiceUiApplication in 1.276 seconds (process running for 1960.828)
2025-04-18 11:21:29 [restartedMain] INFO  : Condition evaluation unchanged
2025-04-18 11:21:38 [File Watcher] INFO  : Restarting due to 1 class path change (0 additions, 0 deletions, 1 modification)
2025-04-18 11:21:38 [Thread-65] INFO  : Commencing graceful shutdown. Waiting for active requests to complete
2025-04-18 11:21:38 [tomcat-shutdown] INFO  : Graceful shutdown complete
2025-04-18 11:21:38 [Thread-65] INFO  : Closing JPA EntityManagerFactory for persistence unit 'default'
2025-04-18 11:21:38 [Thread-65] INFO  : HikariPool-17 - Shutdown initiated...
2025-04-18 11:21:38 [Thread-65] INFO  : HikariPool-17 - Shutdown completed.
2025-04-18 11:21:38 [restartedMain] INFO  : Starting AbcmKycServiceUiApplication using Java 17.0.10 with PID 4068 (C:\Users\Shyam\Documents\ABCM-KYC\abcm-kyc-service-ui\target\classes started by Shyam in C:\Users\Shyam\Documents\ABCM-KYC\abcm-kyc-service-ui)
2025-04-18 11:21:38 [restartedMain] INFO  : The following 1 profile is active: "dev"
2025-04-18 11:21:38 [restartedMain] INFO  : Bootstrapping Spring Data JPA repositories in DEFAULT mode.
2025-04-18 11:21:38 [restartedMain] INFO  : Finished Spring Data repository scanning in 36 ms. Found 6 JPA repository interfaces.
2025-04-18 11:21:38 [restartedMain] INFO  : Tomcat initialized with port 8087 (http)
2025-04-18 11:21:38 [restartedMain] INFO  : Starting service [Tomcat]
2025-04-18 11:21:38 [restartedMain] INFO  : Starting Servlet engine: [Apache Tomcat/10.1.39]
2025-04-18 11:21:38 [restartedMain] INFO  : At least one JAR was scanned for TLDs yet contained no TLDs. Enable debug logging for this logger for a complete list of JARs that were scanned but no TLDs were found in them. Skipping unneeded JARs during scanning can improve startup time and JSP compilation time.
2025-04-18 11:21:38 [restartedMain] INFO  : Initializing Spring embedded WebApplicationContext
2025-04-18 11:21:38 [restartedMain] INFO  : Root WebApplicationContext: initialization completed in 455 ms
2025-04-18 11:21:39 [restartedMain] INFO  : HHH000204: Processing PersistenceUnitInfo [name: default]
2025-04-18 11:21:39 [restartedMain] INFO  : HHH000026: Second-level cache disabled
2025-04-18 11:21:39 [restartedMain] INFO  : No LoadTimeWeaver setup: ignoring JPA class transformer
2025-04-18 11:21:39 [restartedMain] INFO  : HikariPool-18 - Starting...
2025-04-18 11:21:39 [restartedMain] INFO  : HikariPool-18 - Added connection com.mysql.cj.jdbc.ConnectionImpl@2196a7d1
2025-04-18 11:21:39 [restartedMain] INFO  : HikariPool-18 - Start completed.
2025-04-18 11:21:39 [restartedMain] INFO  : HHH10001005: Database info:
	Database JDBC URL [Connecting through datasource 'HikariDataSource (HikariPool-18)']
	Database driver: undefined/unknown
	Database version: 8.0
	Autocommit mode: undefined/unknown
	Isolation level: undefined/unknown
	Minimum pool size: undefined/unknown
	Maximum pool size: undefined/unknown
2025-04-18 11:21:39 [restartedMain] INFO  : HHH000489: No JTA platform available (set 'hibernate.transaction.jta.platform' to enable JTA platform integration)
2025-04-18 11:21:39 [restartedMain] INFO  : Initialized JPA EntityManagerFactory for persistence unit 'default'
2025-04-18 11:21:39 [restartedMain] INFO  : Global AuthenticationManager configured with UserDetailsService bean with name customUserDetailsService
2025-04-18 11:21:39 [restartedMain] INFO  : LiveReload server is running on port 35729
2025-04-18 11:21:39 [restartedMain] INFO  : Tomcat started on port 8087 (http) with context path '/'
2025-04-18 11:21:39 [restartedMain] INFO  : Started AbcmKycServiceUiApplication in 1.117 seconds (process running for 1970.438)
2025-04-18 11:21:39 [restartedMain] INFO  : Condition evaluation unchanged
2025-04-18 11:47:04 [File Watcher] INFO  : Restarting due to 1 class path change (0 additions, 1 deletion, 0 modifications)
2025-04-18 11:47:04 [Thread-69] INFO  : Commencing graceful shutdown. Waiting for active requests to complete
2025-04-18 11:47:04 [tomcat-shutdown] INFO  : Graceful shutdown complete
2025-04-18 11:47:04 [Thread-69] INFO  : Closing JPA EntityManagerFactory for persistence unit 'default'
2025-04-18 11:47:04 [Thread-69] INFO  : HikariPool-18 - Shutdown initiated...
2025-04-18 11:47:04 [Thread-69] INFO  : HikariPool-18 - Shutdown completed.
2025-04-18 11:47:04 [restartedMain] INFO  : Starting AbcmKycServiceUiApplication using Java 17.0.10 with PID 4068 (C:\Users\Shyam\Documents\ABCM-KYC\abcm-kyc-service-ui\target\classes started by Shyam in C:\Users\Shyam\Documents\ABCM-KYC\abcm-kyc-service-ui)
2025-04-18 11:47:04 [restartedMain] INFO  : The following 1 profile is active: "dev"
2025-04-18 11:47:04 [restartedMain] INFO  : Bootstrapping Spring Data JPA repositories in DEFAULT mode.
2025-04-18 11:47:04 [restartedMain] INFO  : Finished Spring Data repository scanning in 38 ms. Found 6 JPA repository interfaces.
2025-04-18 11:47:04 [restartedMain] INFO  : Tomcat initialized with port 8087 (http)
2025-04-18 11:47:04 [restartedMain] INFO  : Starting service [Tomcat]
2025-04-18 11:47:04 [restartedMain] INFO  : Starting Servlet engine: [Apache Tomcat/10.1.39]
2025-04-18 11:47:04 [restartedMain] INFO  : At least one JAR was scanned for TLDs yet contained no TLDs. Enable debug logging for this logger for a complete list of JARs that were scanned but no TLDs were found in them. Skipping unneeded JARs during scanning can improve startup time and JSP compilation time.
2025-04-18 11:47:04 [restartedMain] INFO  : Initializing Spring embedded WebApplicationContext
2025-04-18 11:47:04 [restartedMain] INFO  : Root WebApplicationContext: initialization completed in 576 ms
2025-04-18 11:47:05 [restartedMain] INFO  : HHH000204: Processing PersistenceUnitInfo [name: default]
2025-04-18 11:47:05 [restartedMain] INFO  : HHH000026: Second-level cache disabled
2025-04-18 11:47:05 [restartedMain] INFO  : No LoadTimeWeaver setup: ignoring JPA class transformer
2025-04-18 11:47:05 [restartedMain] INFO  : HikariPool-19 - Starting...
2025-04-18 11:47:05 [restartedMain] INFO  : HikariPool-19 - Added connection com.mysql.cj.jdbc.ConnectionImpl@7f042e2f
2025-04-18 11:47:05 [restartedMain] INFO  : HikariPool-19 - Start completed.
2025-04-18 11:47:05 [restartedMain] INFO  : HHH10001005: Database info:
	Database JDBC URL [Connecting through datasource 'HikariDataSource (HikariPool-19)']
	Database driver: undefined/unknown
	Database version: 8.0
	Autocommit mode: undefined/unknown
	Isolation level: undefined/unknown
	Minimum pool size: undefined/unknown
	Maximum pool size: undefined/unknown
2025-04-18 11:47:05 [restartedMain] INFO  : HHH000489: No JTA platform available (set 'hibernate.transaction.jta.platform' to enable JTA platform integration)
2025-04-18 11:47:05 [restartedMain] INFO  : Initialized JPA EntityManagerFactory for persistence unit 'default'
2025-04-18 11:47:05 [restartedMain] INFO  : Global AuthenticationManager configured with UserDetailsService bean with name customUserDetailsService
2025-04-18 11:47:05 [restartedMain] INFO  : LiveReload server is running on port 35729
2025-04-18 11:47:05 [restartedMain] INFO  : Tomcat started on port 8087 (http) with context path '/'
2025-04-18 11:47:05 [restartedMain] INFO  : Started AbcmKycServiceUiApplication in 1.435 seconds (process running for 3496.612)
2025-04-18 11:47:05 [restartedMain] INFO  : Condition evaluation unchanged
2025-04-18 12:16:33 [http-nio-8087-exec-1] INFO  : Initializing Spring DispatcherServlet 'dispatcherServlet'
2025-04-18 12:16:33 [http-nio-8087-exec-1] INFO  : Initializing Servlet 'dispatcherServlet'
2025-04-18 12:16:33 [http-nio-8087-exec-1] INFO  : Completed initialization in 5 ms
