2025-05-15 12:06:01 [restartedMain] INFO  : Starting AbcmKycReportingServiceApplication using Java 17.0.1 with PID 21452 (C:\KycServicerABcm\KycAllUpdated\abcm-kyc-reporting-service\abcm-kyc-reporting-service\target\classes started by techa in C:\KycServicerABcm\KycAllUpdated\abcm-kyc-reporting-service\abcm-kyc-reporting-service)
2025-05-15 12:06:01 [restartedMain] INFO  : The following 1 profile is active: "dev"
2025-05-15 12:06:02 [restartedMain] INFO  : Bootstrapping Spring Data JPA repositories in DEFAULT mode.
2025-05-15 12:06:02 [restartedMain] INFO  : Finished Spring Data repository scanning in 7 ms. Found 1 JPA repository interface.
2025-05-15 12:06:02 [restartedMain] INFO  : Tomcat initialized with port 3081 (http)
2025-05-15 12:06:02 [restartedMain] INFO  : Starting service [Tomcat]
2025-05-15 12:06:02 [restartedMain] INFO  : Starting Servlet engine: [Apache Tomcat/10.1.40]
2025-05-15 12:06:02 [restartedMain] INFO  : Initializing Spring embedded WebApplicationContext
2025-05-15 12:06:02 [restartedMain] INFO  : Root WebApplicationContext: initialization completed in 354 ms
2025-05-15 12:06:02 [restartedMain] INFO  : HHH000204: Processing PersistenceUnitInfo [name: default]
2025-05-15 12:06:02 [restartedMain] INFO  : HHH000026: Second-level cache disabled
2025-05-15 12:06:02 [restartedMain] INFO  : No LoadTimeWeaver setup: ignoring JPA class transformer
2025-05-15 12:06:02 [restartedMain] INFO  : HikariPool-7 - Starting...
2025-05-15 12:06:02 [restartedMain] INFO  : HikariPool-7 - Added connection com.mysql.cj.jdbc.ConnectionImpl@e962931
2025-05-15 12:06:02 [restartedMain] INFO  : HikariPool-7 - Start completed.
2025-05-15 12:06:02 [restartedMain] WARN  : HHH90000025: MySQL8Dialect does not need to be specified explicitly using 'hibernate.dialect' (remove the property setting and it will be selected by default)
2025-05-15 12:06:02 [restartedMain] WARN  : HHH90000026: MySQL8Dialect has been deprecated; use org.hibernate.dialect.MySQLDialect instead
2025-05-15 12:06:02 [restartedMain] INFO  : HHH10001005: Database info:
	Database JDBC URL [Connecting through datasource 'HikariDataSource (HikariPool-7)']
	Database driver: undefined/unknown
	Database version: 8.0
	Autocommit mode: undefined/unknown
	Isolation level: undefined/unknown
	Minimum pool size: undefined/unknown
	Maximum pool size: undefined/unknown
2025-05-15 12:06:02 [restartedMain] INFO  : HHH000489: No JTA platform available (set 'hibernate.transaction.jta.platform' to enable JTA platform integration)
2025-05-15 12:06:02 [restartedMain] INFO  : Initialized JPA EntityManagerFactory for persistence unit 'default'
2025-05-15 12:06:02 [restartedMain] WARN  : spring.jpa.open-in-view is enabled by default. Therefore, database queries may be performed during view rendering. Explicitly configure spring.jpa.open-in-view to disable this warning
2025-05-15 12:06:02 [restartedMain] WARN  : Unable to start LiveReload server
2025-05-15 12:06:02 [restartedMain] INFO  : Tomcat started on port 3081 (http) with context path '/'
2025-05-15 12:06:02 [restartedMain] INFO  : Started AbcmKycReportingServiceApplication in 0.945 seconds (process running for 2199.58)
2025-05-15 12:06:02 [restartedMain] INFO  : Condition evaluation unchanged
2025-05-15 12:06:10 [File Watcher] INFO  : Restarting due to 1 class path change (0 additions, 0 deletions, 1 modification)
2025-05-15 12:06:10 [Thread-25] INFO  : Commencing graceful shutdown. Waiting for active requests to complete
2025-05-15 12:06:10 [tomcat-shutdown] INFO  : Graceful shutdown complete
2025-05-15 12:06:10 [Thread-25] INFO  : Closing JPA EntityManagerFactory for persistence unit 'default'
2025-05-15 12:06:10 [Thread-25] INFO  : HikariPool-7 - Shutdown initiated...
2025-05-15 12:06:10 [Thread-25] INFO  : HikariPool-7 - Shutdown completed.
2025-05-15 12:06:10 [restartedMain] INFO  : Starting AbcmKycReportingServiceApplication using Java 17.0.1 with PID 21452 (C:\KycServicerABcm\KycAllUpdated\abcm-kyc-reporting-service\abcm-kyc-reporting-service\target\classes started by techa in C:\KycServicerABcm\KycAllUpdated\abcm-kyc-reporting-service\abcm-kyc-reporting-service)
2025-05-15 12:06:10 [restartedMain] INFO  : The following 1 profile is active: "dev"
2025-05-15 12:06:11 [restartedMain] INFO  : Bootstrapping Spring Data JPA repositories in DEFAULT mode.
2025-05-15 12:06:11 [restartedMain] INFO  : Finished Spring Data repository scanning in 7 ms. Found 1 JPA repository interface.
2025-05-15 12:06:11 [restartedMain] INFO  : Tomcat initialized with port 3081 (http)
2025-05-15 12:06:11 [restartedMain] INFO  : Starting service [Tomcat]
2025-05-15 12:06:11 [restartedMain] INFO  : Starting Servlet engine: [Apache Tomcat/10.1.40]
2025-05-15 12:06:11 [restartedMain] INFO  : Initializing Spring embedded WebApplicationContext
2025-05-15 12:06:11 [restartedMain] INFO  : Root WebApplicationContext: initialization completed in 355 ms
2025-05-15 12:06:11 [restartedMain] INFO  : HHH000204: Processing PersistenceUnitInfo [name: default]
2025-05-15 12:06:11 [restartedMain] INFO  : HHH000026: Second-level cache disabled
2025-05-15 12:06:11 [restartedMain] INFO  : No LoadTimeWeaver setup: ignoring JPA class transformer
2025-05-15 12:06:11 [restartedMain] INFO  : HikariPool-8 - Starting...
2025-05-15 12:06:11 [restartedMain] INFO  : HikariPool-8 - Added connection com.mysql.cj.jdbc.ConnectionImpl@169c87ba
2025-05-15 12:06:11 [restartedMain] INFO  : HikariPool-8 - Start completed.
2025-05-15 12:06:11 [restartedMain] WARN  : HHH90000025: MySQL8Dialect does not need to be specified explicitly using 'hibernate.dialect' (remove the property setting and it will be selected by default)
2025-05-15 12:06:11 [restartedMain] WARN  : HHH90000026: MySQL8Dialect has been deprecated; use org.hibernate.dialect.MySQLDialect instead
2025-05-15 12:06:11 [restartedMain] INFO  : HHH10001005: Database info:
	Database JDBC URL [Connecting through datasource 'HikariDataSource (HikariPool-8)']
	Database driver: undefined/unknown
	Database version: 8.0
	Autocommit mode: undefined/unknown
	Isolation level: undefined/unknown
	Minimum pool size: undefined/unknown
	Maximum pool size: undefined/unknown
2025-05-15 12:06:11 [restartedMain] INFO  : HHH000489: No JTA platform available (set 'hibernate.transaction.jta.platform' to enable JTA platform integration)
2025-05-15 12:06:11 [restartedMain] INFO  : Initialized JPA EntityManagerFactory for persistence unit 'default'
2025-05-15 12:06:11 [restartedMain] WARN  : spring.jpa.open-in-view is enabled by default. Therefore, database queries may be performed during view rendering. Explicitly configure spring.jpa.open-in-view to disable this warning
2025-05-15 12:06:11 [restartedMain] WARN  : Unable to start LiveReload server
2025-05-15 12:06:11 [restartedMain] INFO  : Tomcat started on port 3081 (http) with context path '/'
2025-05-15 12:06:11 [restartedMain] INFO  : Started AbcmKycReportingServiceApplication in 0.801 seconds (process running for 2208.449)
2025-05-15 12:06:11 [restartedMain] INFO  : Condition evaluation unchanged
2025-05-15 12:06:59 [File Watcher] INFO  : Restarting due to 1 class path change (0 additions, 0 deletions, 1 modification)
2025-05-15 12:06:59 [Thread-29] INFO  : Commencing graceful shutdown. Waiting for active requests to complete
2025-05-15 12:07:00 [tomcat-shutdown] INFO  : Graceful shutdown complete
2025-05-15 12:07:00 [Thread-29] INFO  : Closing JPA EntityManagerFactory for persistence unit 'default'
2025-05-15 12:07:00 [Thread-29] INFO  : HikariPool-8 - Shutdown initiated...
2025-05-15 12:07:00 [Thread-29] INFO  : HikariPool-8 - Shutdown completed.
2025-05-15 12:37:25 [restartedMain] INFO  : Starting AbcmKycReportingServiceApplication using Java 17.0.1 with PID 23612 (C:\KycServicerABcm\KycAllUpdated\abcm-kyc-reporting-service\abcm-kyc-reporting-service\target\classes started by techa in C:\KycServicerABcm\KycAllUpdated\abcm-kyc-reporting-service\abcm-kyc-reporting-service)
2025-05-15 12:37:25 [restartedMain] INFO  : The following 1 profile is active: "dev"
2025-05-15 12:37:25 [restartedMain] INFO  : Bootstrapping Spring Data JPA repositories in DEFAULT mode.
2025-05-15 12:37:25 [restartedMain] INFO  : Finished Spring Data repository scanning in 7 ms. Found 1 JPA repository interface.
2025-05-15 12:37:25 [restartedMain] INFO  : Tomcat initialized with port 3081 (http)
2025-05-15 12:37:25 [restartedMain] INFO  : Starting service [Tomcat]
2025-05-15 12:37:25 [restartedMain] INFO  : Starting Servlet engine: [Apache Tomcat/10.1.40]
2025-05-15 12:37:25 [restartedMain] INFO  : Initializing Spring embedded WebApplicationContext
2025-05-15 12:37:25 [restartedMain] INFO  : Root WebApplicationContext: initialization completed in 361 ms
2025-05-15 12:37:25 [restartedMain] INFO  : HHH000204: Processing PersistenceUnitInfo [name: default]
2025-05-15 12:37:25 [restartedMain] INFO  : HHH000026: Second-level cache disabled
2025-05-15 12:37:25 [restartedMain] INFO  : No LoadTimeWeaver setup: ignoring JPA class transformer
2025-05-15 12:37:25 [restartedMain] INFO  : HikariPool-3 - Starting...
2025-05-15 12:37:25 [restartedMain] INFO  : HikariPool-3 - Added connection com.mysql.cj.jdbc.ConnectionImpl@26970eea
2025-05-15 12:37:25 [restartedMain] INFO  : HikariPool-3 - Start completed.
2025-05-15 12:37:25 [restartedMain] WARN  : HHH90000025: MySQL8Dialect does not need to be specified explicitly using 'hibernate.dialect' (remove the property setting and it will be selected by default)
2025-05-15 12:37:25 [restartedMain] WARN  : HHH90000026: MySQL8Dialect has been deprecated; use org.hibernate.dialect.MySQLDialect instead
2025-05-15 12:37:25 [restartedMain] INFO  : HHH10001005: Database info:
	Database JDBC URL [Connecting through datasource 'HikariDataSource (HikariPool-3)']
	Database driver: undefined/unknown
	Database version: 8.0
	Autocommit mode: undefined/unknown
	Isolation level: undefined/unknown
	Minimum pool size: undefined/unknown
	Maximum pool size: undefined/unknown
2025-05-15 12:37:26 [restartedMain] INFO  : HHH000489: No JTA platform available (set 'hibernate.transaction.jta.platform' to enable JTA platform integration)
2025-05-15 12:37:26 [restartedMain] INFO  : Initialized JPA EntityManagerFactory for persistence unit 'default'
2025-05-15 12:37:26 [restartedMain] WARN  : spring.jpa.open-in-view is enabled by default. Therefore, database queries may be performed during view rendering. Explicitly configure spring.jpa.open-in-view to disable this warning
2025-05-15 12:37:26 [restartedMain] WARN  : Unable to start LiveReload server
2025-05-15 12:37:26 [restartedMain] INFO  : Tomcat started on port 3081 (http) with context path '/'
2025-05-15 12:37:26 [restartedMain] INFO  : Started AbcmKycReportingServiceApplication in 0.843 seconds (process running for 136.131)
2025-05-15 12:37:26 [restartedMain] INFO  : Condition evaluation unchanged
2025-05-15 12:37:34 [File Watcher] INFO  : Restarting due to 1 class path change (0 additions, 0 deletions, 1 modification)
2025-05-15 12:37:34 [Thread-9] INFO  : Commencing graceful shutdown. Waiting for active requests to complete
2025-05-15 12:37:34 [tomcat-shutdown] INFO  : Graceful shutdown complete
2025-05-15 12:37:34 [Thread-9] INFO  : Closing JPA EntityManagerFactory for persistence unit 'default'
2025-05-15 12:37:34 [Thread-9] INFO  : HikariPool-3 - Shutdown initiated...
2025-05-15 12:37:34 [Thread-9] INFO  : HikariPool-3 - Shutdown completed.
2025-05-15 12:37:35 [restartedMain] INFO  : Starting AbcmKycReportingServiceApplication using Java 17.0.1 with PID 23612 (C:\KycServicerABcm\KycAllUpdated\abcm-kyc-reporting-service\abcm-kyc-reporting-service\target\classes started by techa in C:\KycServicerABcm\KycAllUpdated\abcm-kyc-reporting-service\abcm-kyc-reporting-service)
2025-05-15 12:37:35 [restartedMain] INFO  : The following 1 profile is active: "dev"
2025-05-15 12:37:35 [restartedMain] INFO  : Bootstrapping Spring Data JPA repositories in DEFAULT mode.
2025-05-15 12:37:35 [restartedMain] INFO  : Finished Spring Data repository scanning in 129 ms. Found 1 JPA repository interface.
2025-05-15 12:37:36 [restartedMain] INFO  : Tomcat initialized with port 3081 (http)
2025-05-15 12:37:36 [restartedMain] INFO  : Starting service [Tomcat]
2025-05-15 12:37:36 [restartedMain] INFO  : Starting Servlet engine: [Apache Tomcat/10.1.40]
2025-05-15 12:37:36 [restartedMain] INFO  : Initializing Spring embedded WebApplicationContext
2025-05-15 12:37:36 [restartedMain] INFO  : Root WebApplicationContext: initialization completed in 1429 ms
2025-05-15 12:37:37 [restartedMain] INFO  : HHH000204: Processing PersistenceUnitInfo [name: default]
2025-05-15 12:37:37 [restartedMain] INFO  : HHH000026: Second-level cache disabled
2025-05-15 12:37:37 [restartedMain] INFO  : No LoadTimeWeaver setup: ignoring JPA class transformer
2025-05-15 12:37:37 [restartedMain] INFO  : HikariPool-4 - Starting...
2025-05-15 12:37:37 [restartedMain] INFO  : HikariPool-4 - Added connection com.mysql.cj.jdbc.ConnectionImpl@5ee8fa8c
2025-05-15 12:37:37 [restartedMain] INFO  : HikariPool-4 - Start completed.
2025-05-15 12:37:37 [restartedMain] WARN  : HHH90000025: MySQL8Dialect does not need to be specified explicitly using 'hibernate.dialect' (remove the property setting and it will be selected by default)
2025-05-15 12:37:37 [restartedMain] WARN  : HHH90000026: MySQL8Dialect has been deprecated; use org.hibernate.dialect.MySQLDialect instead
2025-05-15 12:37:37 [restartedMain] INFO  : HHH10001005: Database info:
	Database JDBC URL [Connecting through datasource 'HikariDataSource (HikariPool-4)']
	Database driver: undefined/unknown
	Database version: 8.0
	Autocommit mode: undefined/unknown
	Isolation level: undefined/unknown
	Minimum pool size: undefined/unknown
	Maximum pool size: undefined/unknown
2025-05-15 12:37:38 [restartedMain] INFO  : HHH000489: No JTA platform available (set 'hibernate.transaction.jta.platform' to enable JTA platform integration)
2025-05-15 12:37:38 [restartedMain] INFO  : Initialized JPA EntityManagerFactory for persistence unit 'default'
2025-05-15 12:37:39 [restartedMain] WARN  : spring.jpa.open-in-view is enabled by default. Therefore, database queries may be performed during view rendering. Explicitly configure spring.jpa.open-in-view to disable this warning
2025-05-15 12:37:39 [restartedMain] WARN  : Unable to start LiveReload server
2025-05-15 12:37:39 [restartedMain] INFO  : Tomcat started on port 3081 (http) with context path '/'
2025-05-15 12:37:39 [restartedMain] INFO  : Started AbcmKycReportingServiceApplication in 4.608 seconds (process running for 149.397)
2025-05-15 12:37:39 [restartedMain] INFO  : Condition evaluation unchanged
2025-05-15 12:37:50 [File Watcher] INFO  : Restarting due to 1 class path change (0 additions, 0 deletions, 1 modification)
2025-05-15 12:37:50 [Thread-13] INFO  : Commencing graceful shutdown. Waiting for active requests to complete
2025-05-15 12:37:50 [tomcat-shutdown] INFO  : Graceful shutdown complete
2025-05-15 12:37:50 [Thread-13] INFO  : Closing JPA EntityManagerFactory for persistence unit 'default'
2025-05-15 12:37:50 [Thread-13] INFO  : HikariPool-4 - Shutdown initiated...
2025-05-15 12:37:50 [Thread-13] INFO  : HikariPool-4 - Shutdown completed.
